25-02-2026 12:38:28 | ::1 | CLIENT | TEST DOA (sudah.mp3) – tanpa adzan
25-02-2026 12:36:20 | ::1 | CLIENT | TEST DOA (sudah.mp3) – tanpa adzan
25-02-2026 12:35:36 | ::1 | CLIENT | TEST DOA (sudah.mp3) – tanpa adzan
25-02-2026 12:35:04 | ::1 | CLIENT | TEST DOA (sudah.mp3) – tanpa adzan
25-02-2026 12:34:24 | ::1 | CLIENT | TEST DOA (sudah.mp3) – tanpa adzan
25-02-2026 12:34:16 | ::1 | CLIENT | TEST DOA (sudah.mp3) – tanpa adzan
25-02-2026 12:28:33 | ::1 | CLIENT | TEST DOA (sudah.mp3) – tanpa adzan
25-02-2026 11:39:41 | ::1 | CLIENT | PLAY DOA setelah Dhuhr (sudah.mp3) at 11:39
25-02-2026 11:39:41 | ::1 | CLIENT | PLAY ADZAN Dhuhr (adzan) at 11:36
25-02-2026 11:36:07 | ::1 | CLIENT | PLAY DOA setelah Dhuhr (sudah.mp3) at 11:36
25-02-2026 11:36:07 | ::1 | CLIENT | PLAY ADZAN Dhuhr (adzan) at 11:36
25-02-2026 04:11:25 | ::1 | CLIENT | PLAY DOA setelah Fajr (sudah.mp3) at 04:11
25-02-2026 04:11:25 | ::1 | CLIENT | PLAY SUBUH Fajr (adzan) at 04:08
25-02-2026 04:08:07 | ::1 | CLIENT | PLAY DOA setelah Fajr (sudah.mp3) at 04:08
25-02-2026 04:08:07 | ::1 | CLIENT | PLAY SUBUH Fajr (adzan) at 04:08
24-02-2026 18:58:42 | ::1 | CLIENT | PLAY ADZAN Isha (adzan) at 18:55
24-02-2026 18:58:42 | ::1 | CLIENT | PLAY DOA setelah Isha (sudah.mp3) at 18:58
24-02-2026 18:55:08 | ::1 | CLIENT | PLAY DOA setelah Isha (sudah.mp3) at 18:55
24-02-2026 18:55:08 | ::1 | CLIENT | PLAY ADZAN Isha (adzan) at 18:55
24-02-2026 17:48:42 | ::1 | CLIENT | PLAY DOA setelah Maghrib (sudah.mp3) at 17:48
24-02-2026 17:48:42 | ::1 | CLIENT | PLAY ADZAN Maghrib (adzan) at 17:45
24-02-2026 17:45:08 | ::1 | CLIENT | PLAY DOA setelah Maghrib (sudah.mp3) at 17:45
24-02-2026 17:45:08 | ::1 | CLIENT | PLAY ADZAN Maghrib (adzan) at 17:45
24-02-2026 14:43:42 | ::1 | CLIENT | PLAY DOA setelah Asr (sudah.mp3) at 14:43
24-02-2026 14:43:42 | ::1 | CLIENT | PLAY ADZAN Asr (adzan) at 14:40
24-02-2026 14:40:08 | ::1 | CLIENT | PLAY DOA setelah Asr (sudah.mp3) at 14:40
24-02-2026 14:40:08 | ::1 | CLIENT | PLAY ADZAN Asr (adzan) at 14:40
24-02-2026 11:39:42 | ::1 | CLIENT | PLAY DOA setelah Dhuhr (sudah.mp3) at 11:39
24-02-2026 11:39:42 | ::1 | CLIENT | PLAY ADZAN Dhuhr (adzan) at 11:36
24-02-2026 11:36:08 | ::1 | CLIENT | PLAY DOA setelah Dhuhr (sudah.mp3) at 11:36
24-02-2026 11:36:08 | ::1 | CLIENT | PLAY ADZAN Dhuhr (adzan) at 11:36
24-02-2026 04:11:26 | ::1 | CLIENT | PLAY SUBUH Fajr (adzan) at 04:08
24-02-2026 04:11:26 | ::1 | CLIENT | PLAY DOA setelah Fajr (sudah.mp3) at 04:11
24-02-2026 04:08:08 | ::1 | CLIENT | PLAY SUBUH Fajr (adzan) at 04:08
24-02-2026 04:08:08 | ::1 | CLIENT | PLAY DOA setelah Fajr (sudah.mp3) at 04:08
23-02-2026 18:59:42 | ::1 | CLIENT | PLAY ADZAN Isha (adzan) at 18:56
23-02-2026 18:59:42 | ::1 | CLIENT | PLAY DOA setelah Isha (sudah.mp3) at 18:59
23-02-2026 18:56:08 | ::1 | CLIENT | PLAY DOA setelah Isha (sudah.mp3) at 18:56
23-02-2026 18:56:08 | ::1 | CLIENT | PLAY ADZAN Isha (adzan) at 18:56
23-02-2026 17:48:42 | ::1 | CLIENT | PLAY ADZAN Maghrib (adzan) at 17:45
23-02-2026 17:48:42 | ::1 | CLIENT | PLAY DOA setelah Maghrib (sudah.mp3) at 17:48
23-02-2026 17:45:08 | ::1 | CLIENT | PLAY DOA setelah Maghrib (sudah.mp3) at 17:45
23-02-2026 17:45:08 | ::1 | CLIENT | PLAY ADZAN Maghrib (adzan) at 17:45
23-02-2026 14:43:42 | ::1 | CLIENT | PLAY ADZAN Asr (adzan) at 14:40
23-02-2026 14:43:42 | ::1 | CLIENT | PLAY DOA setelah Asr (sudah.mp3) at 14:43
23-02-2026 14:40:08 | ::1 | CLIENT | PLAY DOA setelah Asr (sudah.mp3) at 14:40
23-02-2026 14:40:08 | ::1 | CLIENT | PLAY ADZAN Asr (adzan) at 14:40
23-02-2026 11:39:42 | ::1 | CLIENT | PLAY ADZAN Dhuhr (adzan) at 11:36
23-02-2026 11:39:42 | ::1 | CLIENT | PLAY DOA setelah Dhuhr (sudah.mp3) at 11:39
23-02-2026 11:36:08 | ::1 | CLIENT | PLAY DOA setelah Dhuhr (sudah.mp3) at 11:36
