19-11-2025 18:38:05 | ::1 | CLIENT | PLAY ADZAN Isha (adzan+doa) at 18:38
19-11-2025 18:41:39 | ::1 | CLIENT | PLAY ADZAN Isha (adzan+doa) at 18:38
20-11-2025 03:29:14 | ::1 | CLIENT | PLAY SUBUH Fajr (adzan) at 03:29
20-11-2025 03:29:14 | ::1 | CLIENT | PLAY DOA setelah Fajr (sudah.mp3) at 03:29
20-11-2025 03:32:35 | ::1 | CLIENT | PLAY SUBUH Fajr (adzan) at 03:29
20-11-2025 03:32:35 | ::1 | CLIENT | PLAY DOA setelah Fajr (sudah.mp3) at 03:29
20-11-2025 11:08:12 | ::1 | CLIENT | PLAY ADZAN Dhuhr (adzan) at 11:08
20-11-2025 11:08:12 | ::1 | CLIENT | PLAY DOA setelah Dhuhr (sudah.mp3) at 11:08
20-11-2025 11:11:51 | ::1 | CLIENT | PLAY DOA setelah Dhuhr (sudah.mp3) at 11:11
20-11-2025 11:11:51 | ::1 | CLIENT | PLAY ADZAN Dhuhr (adzan) at 11:08
20-11-2025 14:31:12 | ::1 | CLIENT | PLAY ADZAN Asr (adzan) at 14:31
20-11-2025 14:31:12 | ::1 | CLIENT | PLAY DOA setelah Asr (sudah.mp3) at 14:31
20-11-2025 14:34:51 | ::1 | CLIENT | PLAY DOA setelah Asr (sudah.mp3) at 14:34
20-11-2025 14:34:51 | ::1 | CLIENT | PLAY ADZAN Asr (adzan) at 14:31
20-11-2025 17:24:12 | ::1 | CLIENT | PLAY ADZAN Maghrib (adzan) at 17:24
20-11-2025 17:24:12 | ::1 | CLIENT | PLAY DOA setelah Maghrib (sudah.mp3) at 17:24
20-11-2025 17:27:51 | ::1 | CLIENT | PLAY DOA setelah Maghrib (sudah.mp3) at 17:27
20-11-2025 17:27:51 | ::1 | CLIENT | PLAY ADZAN Maghrib (adzan) at 17:24
20-11-2025 18:39:12 | ::1 | CLIENT | PLAY ADZAN Isha (adzan) at 18:39
20-11-2025 18:39:12 | ::1 | CLIENT | PLAY DOA setelah Isha (sudah.mp3) at 18:39
20-11-2025 18:42:51 | ::1 | CLIENT | PLAY DOA setelah Isha (sudah.mp3) at 18:42
20-11-2025 18:42:51 | ::1 | CLIENT | PLAY ADZAN Isha (adzan) at 18:39
21-11-2025 03:29:11 | ::1 | CLIENT | PLAY SUBUH Fajr (adzan) at 03:29
at 03:29
21-11-2025 03:32:34 | ::1 | CLIENT | PLAY DOA setelah Fajr (sudah.mp3) at 03:32
21-11-2025 03:32:34 | ::1 | CLIENT | PLAY SUBUH Fajr (adzan) at 03:29
21-11-2025 11:08:11 | ::1 | CLIENT | PLAY DOA setelah Dhuhr (sudah.mp3) at 11:08
21-11-2025 11:08:11 | ::1 | CLIENT | PLAY ADZAN Dhuhr (adzan) at 11:08
21-11-2025 11:11:50 | ::1 | CLIENT | PLAY ADZAN Dhuhr (adzan) at 11:08
21-11-2025 11:11:50 | ::1 | CLIENT | PLAY DOA setelah Dhuhr (sudah.mp3) at 11:11
21-11-2025 14:32:11 | ::1 | CLIENT | PLAY ADZAN Asr (adzan) at 14:32
21-11-2025 14:32:11 | ::1 | CLIENT | PLAY DOA setelah Asr (sudah.mp3) at 14:32
21-11-2025 14:35:50 | ::1 | CLIENT | PLAY ADZAN Asr (adzan) at 14:32
21-11-2025 14:35:50 | ::1 | CLIENT | PLAY DOA setelah Asr (sudah.mp3) at 14:35
21-11-2025 17:24:11 | ::1 | CLIENT | PLAY DOA setelah Maghrib (sudah.mp3) at 17:24
21-11-2025 17:24:11 | ::1 | CLIENT | PLAY ADZAN Maghrib (adzan) at 17:24
21-11-2025 17:27:50 | ::1 | CLIENT | PLAY ADZAN Maghrib (adzan) at 17:24
21-11-2025 17:27:50 | ::1 | CLIENT | PLAY DOA setelah Maghrib (sudah.mp3) at 17:27
21-11-2025 18:39:11 | ::1 | CLIENT | PLAY ADZAN Isha (adzan) at 18:39
21-11-2025 18:39:11 | ::1 | CLIENT | PLAY DOA setelah Isha (sudah.mp3) at 18:39
21-11-2025 18:42:50 | ::1 | CLIENT | PLAY ADZAN Isha (adzan) at 18:39
21-11-2025 18:42:50 | ::1 | CLIENT | PLAY DOA setelah Isha (sudah.mp3) at 18:42
22-11-2025 03:29:11 | ::1 | CLIENT | PLAY SUBUH Fajr (adzan) at 03:29
at 03:29
22-11-2025 03:32:34 | ::1 | CLIENT | PLAY SUBUH Fajr (adzan) at 03:29
22-11-2025 03:32:34 | ::1 | CLIENT | PLAY DOA setelah Fajr (sudah.mp3) at 03:32
22-11-2025 11:09:11 | ::1 | CLIENT | PLAY DOA setelah Dhuhr (sudah.mp3) at 11:09
22-11-2025 11:09:11 | ::1 | CLIENT | PLAY ADZAN Dhuhr (adzan) at 11:09
22-11-2025 11:12:50 | ::1 | CLIENT | PLAY DOA setelah Dhuhr (sudah.mp3) at 11:12
22-11-2025 11:12:50 | ::1 | CLIENT | PLAY ADZAN Dhuhr (adzan) at 11:09
22-11-2025 14:32:11 | ::1 | CLIENT | PLAY ADZAN Asr (adzan) at 14:32
22-11-2025 14:32:11 | ::1 | CLIENT | PLAY DOA setelah Asr (sudah.mp3) at 14:32
22-11-2025 14:35:50 | ::1 | CLIENT | PLAY DOA setelah Asr (sudah.mp3) at 14:35
22-11-2025 14:35:50 | ::1 | CLIENT | PLAY ADZAN Asr (adzan) at 14:32
22-11-2025 17:25:11 | ::1 | CLIENT | PLAY ADZAN Maghrib (adzan) at 17:25
22-11-2025 17:25:11 | ::1 | CLIENT | PLAY DOA setelah Maghrib (sudah.mp3) at 17:25
22-11-2025 17:28:50 | ::1 | CLIENT | PLAY DOA setelah Maghrib (sudah.mp3) at 17:28
22-11-2025 17:28:50 | ::1 | CLIENT | PLAY ADZAN Maghrib (adzan) at 17:25
22-11-2025 18:40:11 | ::1 | CLIENT | PLAY ADZAN Isha (adzan) at 18:40
22-11-2025 18:40:11 | ::1 | CLIENT | PLAY DOA setelah Isha (sudah.mp3) at 18:40
22-11-2025 18:43:50 | ::1 | CLIENT | PLAY DOA setelah Isha (sudah.mp3) at 18:43
22-11-2025 18:43:50 | ::1 | CLIENT | PLAY ADZAN Isha (adzan) at 18:40
23-11-2025 03:29:09 | ::1 | CLIENT | PLAY SUBUH Fajr (adzan) at 03:29
at 03:29
23-11-2025 03:32:32 | ::1 | CLIENT | PLAY SUBUH Fajr (adzan) at 03:29
23-11-2025 03:32:32 | ::1 | CLIENT | PLAY DOA setelah Fajr (sudah.mp3) at 03:32
23-11-2025 11:09:09 | ::1 | CLIENT | PLAY DOA setelah Dhuhr (sudah.mp3) at 11:09
23-11-2025 11:09:09 | ::1 | CLIENT | PLAY ADZAN Dhuhr (adzan) at 11:09
23-11-2025 11:12:48 | ::1 | CLIENT | PLAY ADZAN Dhuhr (adzan) at 11:09
23-11-2025 11:12:48 | ::1 | CLIENT | PLAY DOA setelah Dhuhr (sudah.mp3) at 11:12
23-11-2025 14:33:09 | ::1 | CLIENT | PLAY ADZAN Asr (adzan) at 14:33
23-11-2025 14:33:09 | ::1 | CLIENT | PLAY DOA setelah Asr (sudah.mp3) at 14:33
23-11-2025 14:36:48 | ::1 | CLIENT | PLAY DOA setelah Asr (sudah.mp3) at 14:36
23-11-2025 14:36:48 | ::1 | CLIENT | PLAY ADZAN Asr (adzan) at 14:33
23-11-2025 17:25:09 | ::1 | CLIENT | PLAY ADZAN Maghrib (adzan) at 17:25
23-11-2025 17:25:09 | ::1 | CLIENT | PLAY DOA setelah Maghrib (sudah.mp3) at 17:25
23-11-2025 17:28:48 | ::1 | CLIENT | PLAY ADZAN Maghrib (adzan) at 17:25
23-11-2025 17:28:48 | ::1 | CLIENT | PLAY DOA setelah Maghrib (sudah.mp3) at 17:28
23-11-2025 18:40:09 | ::1 | CLIENT | PLAY ADZAN Isha (adzan) at 18:40
23-11-2025 18:40:09 | ::1 | CLIENT | PLAY DOA setelah Isha (sudah.mp3) at 18:40
23-11-2025 18:43:48 | ::1 | CLIENT | PLAY ADZAN Isha (adzan) at 18:40
23-11-2025 18:43:48 | ::1 | CLIENT | PLAY DOA setelah Isha (sudah.mp3) at 18:43
24-11-2025 03:29:09 | ::1 | CLIENT | PLAY SUBUH Fajr (adzan) at 03:29
at 03:29
24-11-2025 03:32:32 | ::1 | CLIENT | PLAY SUBUH Fajr (adzan) at 03:29
24-11-2025 03:32:32 | ::1 | CLIENT | PLAY DOA setelah Fajr (sudah.mp3) at 03:32
24-11-2025 11:09:09 | ::1 | CLIENT | PLAY DOA setelah Dhuhr (sudah.mp3) at 11:09
24-11-2025 11:09:09 | ::1 | CLIENT | PLAY ADZAN Dhuhr (adzan) at 11:09
24-11-2025 11:12:48 | ::1 | CLIENT | PLAY ADZAN Dhuhr (adzan) at 11:09
24-11-2025 11:12:48 | ::1 | CLIENT | PLAY DOA setelah Dhuhr (sudah.mp3) at 11:12
24-11-2025 14:33:09 | ::1 | CLIENT | PLAY ADZAN Asr (adzan) at 14:33
24-11-2025 14:33:09 | ::1 | CLIENT | PLAY DOA setelah Asr (sudah.mp3) at 14:33
24-11-2025 14:36:48 | ::1 | CLIENT | PLAY ADZAN Asr (adzan) at 14:33
24-11-2025 14:36:48 | ::1 | CLIENT | PLAY DOA setelah Asr (sudah.mp3) at 14:36
24-11-2025 17:25:09 | ::1 | CLIENT | PLAY ADZAN Maghrib (adzan) at 17:25
24-11-2025 17:25:09 | ::1 | CLIENT | PLAY DOA setelah Maghrib (sudah.mp3) at 17:25
24-11-2025 17:28:48 | ::1 | CLIENT | PLAY ADZAN Maghrib (adzan) at 17:25
24-11-2025 17:28:48 | ::1 | CLIENT | PLAY DOA setelah Maghrib (sudah.mp3) at 17:28
24-11-2025 18:41:09 | ::1 | CLIENT | PLAY ADZAN Isha (adzan) at 18:41
24-11-2025 18:41:09 | ::1 | CLIENT | PLAY DOA setelah Isha (sudah.mp3) at 18:41
24-11-2025 18:44:46 | ::1 | CLIENT | PLAY DOA setelah Isha (sudah.mp3) at 18:44
24-11-2025 18:44:46 | ::1 | CLIENT | PLAY ADZAN Isha (adzan) at 18:41
25-11-2025 03:29:07 | ::1 | CLIENT | PLAY DOA setelah Fajr (sudah.mp3) at 03:29
25-11-2025 03:29:07 | ::1 | CLIENT | PLAY SUBUH Fajr (adzan) at 03:29
25-11-2025 03:32:30 | ::1 | CLIENT | PLAY SUBUH Fajr (adzan) at 03:29
25-11-2025 03:32:30 | ::1 | CLIENT | PLAY DOA setelah Fajr (sudah.mp3) at 03:32
25-11-2025 08:57:00 | ::1 | CLIENT | TEST adzan.mp3
25-11-2025 11:10:07 | ::1 | CLIENT | PLAY ADZAN Dhuhr (adzan) at 11:10
25-11-2025 11:10:07 | ::1 | CLIENT | PLAY DOA setelah Dhuhr (sudah.mp3) at 11:10
25-11-2025 11:13:41 | ::1 | CLIENT | PLAY DOA setelah Dhuhr (sudah.mp3) at 11:13
25-11-2025 11:13:41 | ::1 | CLIENT | PLAY ADZAN Dhuhr (adzan) at 11:10
25-11-2025 14:34:07 | ::1 | CLIENT | PLAY ADZAN Asr (adzan) at 14:34
25-11-2025 14:34:07 | ::1 | CLIENT | PLAY DOA setelah Asr (sudah.mp3) at 14:34
25-11-2025 14:37:41 | ::1 | CLIENT | PLAY DOA setelah Asr (sudah.mp3) at 14:37
25-11-2025 14:37:41 | ::1 | CLIENT | PLAY ADZAN Asr (adzan) at 14:34
25-11-2025 17:26:07 | ::1 | CLIENT | PLAY ADZAN Maghrib (adzan) at 17:26
25-11-2025 17:26:07 | ::1 | CLIENT | PLAY DOA setelah Maghrib (sudah.mp3) at 17:26
25-11-2025 17:29:41 | ::1 | CLIENT | PLAY DOA setelah Maghrib (sudah.mp3) at 17:29
25-11-2025 17:29:41 | ::1 | CLIENT | PLAY ADZAN Maghrib (adzan) at 17:26
25-11-2025 18:41:07 | ::1 | CLIENT | PLAY ADZAN Isha (adzan) at 18:41
25-11-2025 18:41:07 | ::1 | CLIENT | PLAY DOA setelah Isha (sudah.mp3) at 18:41
25-11-2025 18:44:41 | ::1 | CLIENT | PLAY ADZAN Isha (adzan) at 18:41
25-11-2025 18:44:41 | ::1 | CLIENT | PLAY DOA setelah Isha (sudah.mp3) at 18:44
26-11-2025 03:29:07 | ::1 | CLIENT | PLAY DOA setelah Fajr (sudah.mp3) at 03:29
26-11-2025 03:32:25 | ::1 | CLIENT | PLAY SUBUH Fajr (adzan) at 03:29
26-11-2025 03:32:25 | ::1 | CLIENT | PLAY DOA setelah Fajr (sudah.mp3) at 03:32
26-11-2025 11:10:07 | ::1 | CLIENT | PLAY ADZAN Dhuhr (adzan) at 11:10
26-11-2025 11:10:07 | ::1 | CLIENT | PLAY DOA setelah Dhuhr (sudah.mp3) at 11:10
26-11-2025 11:13:41 | ::1 | CLIENT | PLAY ADZAN Dhuhr (adzan) at 11:10
26-11-2025 11:13:41 | ::1 | CLIENT | PLAY DOA setelah Dhuhr (sudah.mp3) at 11:13
26-11-2025 14:34:07 | ::1 | CLIENT | PLAY ADZAN Asr (adzan) at 14:34
26-11-2025 14:34:07 | ::1 | CLIENT | PLAY DOA setelah Asr (sudah.mp3) at 14:34
26-11-2025 14:37:41 | ::1 | CLIENT | PLAY ADZAN Asr (adzan) at 14:34
26-11-2025 14:37:41 | ::1 | CLIENT | PLAY DOA setelah Asr (sudah.mp3) at 14:37
26-11-2025 17:26:07 | ::1 | CLIENT | PLAY ADZAN Maghrib (adzan) at 17:26
26-11-2025 17:26:07 | ::1 | CLIENT | PLAY DOA setelah Maghrib (sudah.mp3) at 17:26
26-11-2025 17:29:41 | ::1 | CLIENT | PLAY ADZAN Maghrib (adzan) at 17:26
26-11-2025 17:29:41 | ::1 | CLIENT | PLAY DOA setelah Maghrib (sudah.mp3) at 17:29
26-11-2025 18:42:07 | ::1 | CLIENT | PLAY ADZAN Isha (adzan) at 18:42
26-11-2025 18:42:07 | ::1 | CLIENT | PLAY DOA setelah Isha (sudah.mp3) at 18:42
26-11-2025 18:45:39 | ::1 | CLIENT | PLAY DOA setelah Isha (sudah.mp3) at 18:45
26-11-2025 18:45:39 | ::1 | CLIENT | PLAY ADZAN Isha (adzan) at 18:42
27-11-2025 03:29:05 | ::1 | CLIENT | PLAY SUBUH Fajr (adzan) at 03:29
27-11-2025 03:29:05 | ::1 | CLIENT | PLAY DOA setelah Fajr (sudah.mp3) at 03:29
27-11-2025 03:32:23 | ::1 | CLIENT | PLAY SUBUH Fajr (adzan) at 03:29
27-11-2025 03:32:23 | ::1 | CLIENT | PLAY DOA setelah Fajr (sudah.mp3) at 03:32
27-11-2025 11:10:05 | ::1 | CLIENT | PLAY ADZAN Dhuhr (adzan) at 11:10
27-11-2025 11:10:05 | ::1 | CLIENT | PLAY DOA setelah Dhuhr (sudah.mp3) at 11:10
27-11-2025 11:13:39 | ::1 | CLIENT | PLAY ADZAN Dhuhr (adzan) at 11:10
27-11-2025 11:13:39 | ::1 | CLIENT | PLAY DOA setelah Dhuhr (sudah.mp3) at 11:13
27-11-2025 14:35:05 | ::1 | CLIENT | PLAY ADZAN Asr (adzan) at 14:35
27-11-2025 14:35:05 | ::1 | CLIENT | PLAY DOA setelah Asr (sudah.mp3) at 14:35
27-11-2025 14:38:39 | ::1 | CLIENT | PLAY DOA setelah Asr (sudah.mp3) at 14:38
27-11-2025 14:38:39 | ::1 | CLIENT | PLAY ADZAN Asr (adzan) at 14:35
27-11-2025 17:27:05 | ::1 | CLIENT | PLAY ADZAN Maghrib (adzan) at 17:27
27-11-2025 17:27:05 | ::1 | CLIENT | PLAY DOA setelah Maghrib (sudah.mp3) at 17:27
27-11-2025 17:30:39 | ::1 | CLIENT | PLAY DOA setelah Maghrib (sudah.mp3) at 17:30
27-11-2025 17:30:39 | ::1 | CLIENT | PLAY ADZAN Maghrib (adzan) at 17:27
27-11-2025 18:42:05 | ::1 | CLIENT | PLAY ADZAN Isha (adzan) at 18:42
27-11-2025 18:42:05 | ::1 | CLIENT | PLAY DOA setelah Isha (sudah.mp3) at 18:42
27-11-2025 18:45:39 | ::1 | CLIENT | PLAY ADZAN Isha (adzan) at 18:42
27-11-2025 18:45:39 | ::1 | CLIENT | PLAY DOA setelah Isha (sudah.mp3) at 18:45
28-11-2025 03:29:05 | ::1 | CLIENT | PLAY DOA setelah Fajr (sudah.mp3) at 03:29
28-11-2025 03:32:23 | ::1 | CLIENT | PLAY SUBUH Fajr (adzan) at 03:29
28-11-2025 03:32:23 | ::1 | CLIENT | PLAY DOA setelah Fajr (sudah.mp3) at 03:32
28-11-2025 11:10:05 | ::1 | CLIENT | PLAY ADZAN Dhuhr (adzan) at 11:10
28-11-2025 11:10:05 | ::1 | CLIENT | PLAY DOA setelah Dhuhr (sudah.mp3) at 11:10
28-11-2025 11:13:39 | ::1 | CLIENT | PLAY ADZAN Dhuhr (adzan) at 11:10
28-11-2025 11:13:39 | ::1 | CLIENT | PLAY DOA setelah Dhuhr (sudah.mp3) at 11:13
28-11-2025 14:36:05 | ::1 | CLIENT | PLAY ADZAN Asr (adzan) at 14:36
28-11-2025 14:36:05 | ::1 | CLIENT | PLAY DOA setelah Asr (sudah.mp3) at 14:36
28-11-2025 14:39:39 | ::1 | CLIENT | PLAY DOA setelah Asr (sudah.mp3) at 14:39
28-11-2025 14:39:39 | ::1 | CLIENT | PLAY ADZAN Asr (adzan) at 14:36
28-11-2025 17:27:05 | ::1 | CLIENT | PLAY ADZAN Maghrib (adzan) at 17:27
28-11-2025 17:27:05 | ::1 | CLIENT | PLAY DOA setelah Maghrib (sudah.mp3) at 17:27
28-11-2025 17:30:39 | ::1 | CLIENT | PLAY ADZAN Maghrib (adzan) at 17:27
28-11-2025 17:30:39 | ::1 | CLIENT | PLAY DOA setelah Maghrib (sudah.mp3) at 17:30
28-11-2025 18:43:05 | ::1 | CLIENT | PLAY ADZAN Isha (adzan) at 18:43
28-11-2025 18:43:05 | ::1 | CLIENT | PLAY DOA setelah Isha (sudah.mp3) at 18:43
28-11-2025 18:46:37 | ::1 | CLIENT | PLAY DOA setelah Isha (sudah.mp3) at 18:46
28-11-2025 18:46:37 | ::1 | CLIENT | PLAY ADZAN Isha (adzan) at 18:43
29-11-2025 03:29:08 | ::1 | CLIENT | PLAY SUBUH Fajr (adzan) at 03:29
29-11-2025 03:29:08 | ::1 | CLIENT | PLAY DOA setelah Fajr (sudah.mp3) at 03:29
29-11-2025 03:32:27 | ::1 | CLIENT | PLAY SUBUH Fajr (adzan) at 03:29
29-11-2025 03:32:27 | ::1 | CLIENT | PLAY DOA setelah Fajr (sudah.mp3) at 03:32
29-11-2025 11:11:08 | ::1 | CLIENT | PLAY DOA setelah Dhuhr (sudah.mp3) at 11:11
29-11-2025 11:11:08 | ::1 | CLIENT | PLAY ADZAN Dhuhr (adzan) at 11:11
29-11-2025 11:14:42 | ::1 | CLIENT | PLAY DOA setelah Dhuhr (sudah.mp3) at 11:14
29-11-2025 11:14:42 | ::1 | CLIENT | PLAY ADZAN Dhuhr (adzan) at 11:11
29-11-2025 14:36:08 | ::1 | CLIENT | PLAY ADZAN Asr (adzan) at 14:36
29-11-2025 14:36:08 | ::1 | CLIENT | PLAY DOA setelah Asr (sudah.mp3) at 14:36
29-11-2025 14:39:42 | ::1 | CLIENT | PLAY ADZAN Asr (adzan) at 14:36
29-11-2025 14:39:42 | ::1 | CLIENT | PLAY DOA setelah Asr (sudah.mp3) at 14:39
29-11-2025 17:28:08 | ::1 | CLIENT | PLAY ADZAN Maghrib (adzan) at 17:28
29-11-2025 17:28:08 | ::1 | CLIENT | PLAY DOA setelah Maghrib (sudah.mp3) at 17:28
29-11-2025 17:31:42 | ::1 | CLIENT | PLAY DOA setelah Maghrib (sudah.mp3) at 17:31
29-11-2025 17:31:42 | ::1 | CLIENT | PLAY ADZAN Maghrib (adzan) at 17:28
29-11-2025 18:43:08 | ::1 | CLIENT | PLAY ADZAN Isha (adzan) at 18:43
29-11-2025 18:43:08 | ::1 | CLIENT | PLAY DOA setelah Isha (sudah.mp3) at 18:43
29-11-2025 18:46:42 | ::1 | CLIENT | PLAY ADZAN Isha (adzan) at 18:43
29-11-2025 18:46:42 | ::1 | CLIENT | PLAY DOA setelah Isha (sudah.mp3) at 18:46
30-11-2025 03:29:08 | ::1 | CLIENT | PLAY SUBUH Fajr (adzan) at 03:29
at 03:29
30-11-2025 03:32:27 | ::1 | CLIENT | PLAY SUBUH Fajr (adzan) at 03:29
30-11-2025 03:32:27 | ::1 | CLIENT | PLAY DOA setelah Fajr (sudah.mp3) at 03:32
30-11-2025 11:11:08 | ::1 | CLIENT | PLAY DOA setelah Dhuhr (sudah.mp3) at 11:11
30-11-2025 11:11:08 | ::1 | CLIENT | PLAY ADZAN Dhuhr (adzan) at 11:11
30-11-2025 11:14:42 | ::1 | CLIENT | PLAY ADZAN Dhuhr (adzan) at 11:11
30-11-2025 11:14:42 | ::1 | CLIENT | PLAY DOA setelah Dhuhr (sudah.mp3) at 11:14
30-11-2025 14:37:08 | ::1 | CLIENT | PLAY ADZAN Asr (adzan) at 14:37
30-11-2025 14:37:08 | ::1 | CLIENT | PLAY DOA setelah Asr (sudah.mp3) at 14:37
30-11-2025 14:40:42 | ::1 | CLIENT | PLAY DOA setelah Asr (sudah.mp3) at 14:40
30-11-2025 14:40:42 | ::1 | CLIENT | PLAY ADZAN Asr (adzan) at 14:37
30-11-2025 17:28:08 | ::1 | CLIENT | PLAY ADZAN Maghrib (adzan) at 17:28
30-11-2025 17:28:08 | ::1 | CLIENT | PLAY DOA setelah Maghrib (sudah.mp3) at 17:28
30-11-2025 17:31:42 | ::1 | CLIENT | PLAY ADZAN Maghrib (adzan) at 17:28
30-11-2025 17:31:42 | ::1 | CLIENT | PLAY DOA setelah Maghrib (sudah.mp3) at 17:31
30-11-2025 18:44:08 | ::1 | CLIENT | PLAY ADZAN Isha (adzan) at 18:44
30-11-2025 18:44:08 | ::1 | CLIENT | PLAY DOA setelah Isha (sudah.mp3) at 18:44
30-11-2025 18:47:40 | ::1 | CLIENT | PLAY DOA setelah Isha (sudah.mp3) at 18:47
30-11-2025 18:47:40 | ::1 | CLIENT | PLAY ADZAN Isha (adzan) at 18:44
01-12-2025 03:30:06 | ::1 | CLIENT | PLAY SUBUH Fajr (adzan) at 03:30
01-12-2025 03:30:06 | ::1 | CLIENT | PLAY DOA setelah Fajr (sudah.mp3) at 03:30
01-12-2025 03:33:25 | ::1 | CLIENT | PLAY DOA setelah Fajr (sudah.mp3) at 03:33
01-12-2025 03:33:25 | ::1 | CLIENT | PLAY SUBUH Fajr (adzan) at 03:30
01-12-2025 11:12:06 | ::1 | CLIENT | PLAY ADZAN Dhuhr (adzan) at 11:12
01-12-2025 11:12:06 | ::1 | CLIENT | PLAY DOA setelah Dhuhr (sudah.mp3) at 11:12
01-12-2025 11:15:41 | ::1 | CLIENT | PLAY DOA setelah Dhuhr (sudah.mp3) at 11:15
01-12-2025 11:15:41 | ::1 | CLIENT | PLAY ADZAN Dhuhr (adzan) at 11:12
01-12-2025 14:37:06 | ::1 | CLIENT | PLAY DOA setelah Asr (sudah.mp3) at 14:37
01-12-2025 14:37:06 | ::1 | CLIENT | PLAY ADZAN Asr (adzan) at 14:37
01-12-2025 14:40:41 | ::1 | CLIENT | PLAY ADZAN Asr (adzan) at 14:37
01-12-2025 14:40:41 | ::1 | CLIENT | PLAY DOA setelah Asr (sudah.mp3) at 14:40
01-12-2025 17:29:06 | ::1 | CLIENT | PLAY ADZAN Maghrib (adzan) at 17:29
01-12-2025 17:29:06 | ::1 | CLIENT | PLAY DOA setelah Maghrib (sudah.mp3) at 17:29
01-12-2025 17:32:41 | ::1 | CLIENT | PLAY DOA setelah Maghrib (sudah.mp3) at 17:32
01-12-2025 17:32:41 | ::1 | CLIENT | PLAY ADZAN Maghrib (adzan) at 17:29
01-12-2025 18:45:06 | ::1 | CLIENT | PLAY ADZAN Isha (adzan) at 18:45
01-12-2025 18:45:06 | ::1 | CLIENT | PLAY DOA setelah Isha (sudah.mp3) at 18:45
01-12-2025 18:48:41 | ::1 | CLIENT | PLAY DOA setelah Isha (sudah.mp3) at 18:48
01-12-2025 18:48:41 | ::1 | CLIENT | PLAY ADZAN Isha (adzan) at 18:45
02-12-2025 03:30:06 | ::1 | CLIENT | PLAY SUBUH Fajr (adzan) at 03:30
at 03:30
02-12-2025 03:33:25 | ::1 | CLIENT | PLAY SUBUH Fajr (adzan) at 03:30
02-12-2025 03:33:25 | ::1 | CLIENT | PLAY DOA setelah Fajr (sudah.mp3) at 03:33
02-12-2025 11:12:06 | ::1 | CLIENT | PLAY ADZAN Dhuhr (adzan) at 11:12
02-12-2025 11:12:06 | ::1 | CLIENT | PLAY DOA setelah Dhuhr (sudah.mp3) at 11:12
02-12-2025 11:15:41 | ::1 | CLIENT | PLAY ADZAN Dhuhr (adzan) at 11:12
02-12-2025 11:15:41 | ::1 | CLIENT | PLAY DOA setelah Dhuhr (sudah.mp3) at 11:15
02-12-2025 14:38:06 | ::1 | CLIENT | PLAY ADZAN Asr (adzan) at 14:38
02-12-2025 14:38:06 | ::1 | CLIENT | PLAY DOA setelah Asr (sudah.mp3) at 14:38
02-12-2025 14:41:41 | ::1 | CLIENT | PLAY DOA setelah Asr (sudah.mp3) at 14:41
02-12-2025 14:41:41 | ::1 | CLIENT | PLAY ADZAN Asr (adzan) at 14:38
02-12-2025 17:29:06 | ::1 | CLIENT | PLAY ADZAN Maghrib (adzan) at 17:29
02-12-2025 17:29:06 | ::1 | CLIENT | PLAY DOA setelah Maghrib (sudah.mp3) at 17:29
02-12-2025 17:32:41 | ::1 | CLIENT | PLAY ADZAN Maghrib (adzan) at 17:29
02-12-2025 17:32:41 | ::1 | CLIENT | PLAY DOA setelah Maghrib (sudah.mp3) at 17:32
02-12-2025 18:45:04 | ::1 | CLIENT | PLAY ADZAN Isha (adzan) at 18:45
02-12-2025 18:45:04 | ::1 | CLIENT | PLAY DOA setelah Isha (sudah.mp3) at 18:45
02-12-2025 18:48:39 | ::1 | CLIENT | PLAY ADZAN Isha (adzan) at 18:45
02-12-2025 18:48:39 | ::1 | CLIENT | PLAY DOA setelah Isha (sudah.mp3) at 18:48
03-12-2025 03:30:09 | ::1 | CLIENT | PLAY SUBUH Fajr (adzan) at 03:30
03-12-2025 03:30:09 | ::1 | CLIENT | PLAY DOA setelah Fajr (sudah.mp3) at 03:30
03-12-2025 03:33:28 | ::1 | CLIENT | PLAY SUBUH Fajr (adzan) at 03:30
03-12-2025 03:33:28 | ::1 | CLIENT | PLAY DOA setelah Fajr (sudah.mp3) at 03:33
03-12-2025 11:12:09 | ::1 | CLIENT | PLAY ADZAN Dhuhr (adzan) at 11:12
03-12-2025 11:12:09 | ::1 | CLIENT | PLAY DOA setelah Dhuhr (sudah.mp3) at 11:12
03-12-2025 11:15:44 | ::1 | CLIENT | PLAY ADZAN Dhuhr (adzan) at 11:12
03-12-2025 11:15:44 | ::1 | CLIENT | PLAY DOA setelah Dhuhr (sudah.mp3) at 11:15
03-12-2025 14:38:09 | ::1 | CLIENT | PLAY ADZAN Asr (adzan) at 14:38
03-12-2025 14:38:09 | ::1 | CLIENT | PLAY DOA setelah Asr (sudah.mp3) at 14:38
03-12-2025 14:41:44 | ::1 | CLIENT | PLAY ADZAN Asr (adzan) at 14:38
03-12-2025 14:41:44 | ::1 | CLIENT | PLAY DOA setelah Asr (sudah.mp3) at 14:41
03-12-2025 17:30:09 | ::1 | CLIENT | PLAY ADZAN Maghrib (adzan) at 17:30
03-12-2025 17:30:09 | ::1 | CLIENT | PLAY DOA setelah Maghrib (sudah.mp3) at 17:30
03-12-2025 17:33:44 | ::1 | CLIENT | PLAY DOA setelah Maghrib (sudah.mp3) at 17:33
03-12-2025 17:33:44 | ::1 | CLIENT | PLAY ADZAN Maghrib (adzan) at 17:30
03-12-2025 18:46:09 | ::1 | CLIENT | PLAY ADZAN Isha (adzan) at 18:46
03-12-2025 18:46:09 | ::1 | CLIENT | PLAY DOA setelah Isha (sudah.mp3) at 18:46
03-12-2025 18:49:44 | ::1 | CLIENT | PLAY DOA setelah Isha (sudah.mp3) at 18:49
03-12-2025 18:49:44 | ::1 | CLIENT | PLAY ADZAN Isha (adzan) at 18:46
04-12-2025 03:30:09 | ::1 | CLIENT | PLAY DOA setelah Fajr (sudah.mp3) at 03:30
04-12-2025 03:33:28 | ::1 | CLIENT | PLAY SUBUH Fajr (adzan) at 03:30
04-12-2025 03:33:28 | ::1 | CLIENT | PLAY DOA setelah Fajr (sudah.mp3) at 03:33
04-12-2025 11:13:09 | ::1 | CLIENT | PLAY ADZAN Dhuhr (adzan) at 11:13
04-12-2025 11:13:09 | ::1 | CLIENT | PLAY DOA setelah Dhuhr (sudah.mp3) at 11:13
04-12-2025 11:16:44 | ::1 | CLIENT | PLAY DOA setelah Dhuhr (sudah.mp3) at 11:16
04-12-2025 11:16:44 | ::1 | CLIENT | PLAY ADZAN Dhuhr (adzan) at 11:13
04-12-2025 14:39:09 | ::1 | CLIENT | PLAY ADZAN Asr (adzan) at 14:39
04-12-2025 14:39:09 | ::1 | CLIENT | PLAY DOA setelah Asr (sudah.mp3) at 14:39
04-12-2025 14:42:44 | ::1 | CLIENT | PLAY DOA setelah Asr (sudah.mp3) at 14:42
04-12-2025 14:42:44 | ::1 | CLIENT | PLAY ADZAN Asr (adzan) at 14:39
04-12-2025 17:30:09 | ::1 | CLIENT | PLAY ADZAN Maghrib (adzan) at 17:30
04-12-2025 17:30:09 | ::1 | CLIENT | PLAY DOA setelah Maghrib (sudah.mp3) at 17:30
04-12-2025 17:33:44 | ::1 | CLIENT | PLAY ADZAN Maghrib (adzan) at 17:30
04-12-2025 17:33:44 | ::1 | CLIENT | PLAY DOA setelah Maghrib (sudah.mp3) at 17:33
04-12-2025 18:46:07 | ::1 | CLIENT | PLAY ADZAN Isha (adzan) at 18:46
04-12-2025 18:46:07 | ::1 | CLIENT | PLAY DOA setelah Isha (sudah.mp3) at 18:46
04-12-2025 18:49:42 | ::1 | CLIENT | PLAY ADZAN Isha (adzan) at 18:46
04-12-2025 18:49:42 | ::1 | CLIENT | PLAY DOA setelah Isha (sudah.mp3) at 18:49
05-12-2025 03:30:07 | ::1 | CLIENT | PLAY SUBUH Fajr (adzan) at 03:30
05-12-2025 03:30:07 | ::1 | CLIENT | PLAY DOA setelah Fajr (sudah.mp3) at 03:30
05-12-2025 03:33:26 | ::1 | CLIENT | PLAY SUBUH Fajr (adzan) at 03:30
05-12-2025 03:33:26 | ::1 | CLIENT | PLAY DOA setelah Fajr (sudah.mp3) at 03:33
05-12-2025 11:13:07 | ::1 | CLIENT | PLAY ADZAN Dhuhr (adzan) at 11:13
05-12-2025 11:13:07 | ::1 | CLIENT | PLAY DOA setelah Dhuhr (sudah.mp3) at 11:13
05-12-2025 11:16:42 | ::1 | CLIENT | PLAY ADZAN Dhuhr (adzan) at 11:13
05-12-2025 11:16:42 | ::1 | CLIENT | PLAY DOA setelah Dhuhr (sudah.mp3) at 11:16
05-12-2025 14:39:07 | ::1 | CLIENT | PLAY ADZAN Asr (adzan) at 14:39
05-12-2025 14:39:07 | ::1 | CLIENT | PLAY DOA setelah Asr (sudah.mp3) at 14:39
05-12-2025 14:42:42 | ::1 | CLIENT | PLAY ADZAN Asr (adzan) at 14:39
05-12-2025 14:42:42 | ::1 | CLIENT | PLAY DOA setelah Asr (sudah.mp3) at 14:42
05-12-2025 17:31:07 | ::1 | CLIENT | PLAY ADZAN Maghrib (adzan) at 17:31
05-12-2025 17:31:07 | ::1 | CLIENT | PLAY DOA setelah Maghrib (sudah.mp3) at 17:31
05-12-2025 17:34:42 | ::1 | CLIENT | PLAY DOA setelah Maghrib (sudah.mp3) at 17:34
05-12-2025 17:34:42 | ::1 | CLIENT | PLAY ADZAN Maghrib (adzan) at 17:31
05-12-2025 18:47:07 | ::1 | CLIENT | PLAY ADZAN Isha (adzan) at 18:47
05-12-2025 18:47:07 | ::1 | CLIENT | PLAY DOA setelah Isha (sudah.mp3) at 18:47
05-12-2025 18:50:42 | ::1 | CLIENT | PLAY DOA setelah Isha (sudah.mp3) at 18:50
05-12-2025 18:50:42 | ::1 | CLIENT | PLAY ADZAN Isha (adzan) at 18:47
06-12-2025 03:31:07 | ::1 | CLIENT | PLAY DOA setelah Fajr (sudah.mp3) at 03:31
06-12-2025 03:34:26 | ::1 | CLIENT | PLAY DOA setelah Fajr (sudah.mp3) at 03:34
06-12-2025 03:34:26 | ::1 | CLIENT | PLAY SUBUH Fajr (adzan) at 03:31
06-12-2025 11:14:07 | ::1 | CLIENT | PLAY ADZAN Dhuhr (adzan) at 11:14
06-12-2025 11:14:07 | ::1 | CLIENT | PLAY DOA setelah Dhuhr (sudah.mp3) at 11:14
06-12-2025 11:17:42 | ::1 | CLIENT | PLAY DOA setelah Dhuhr (sudah.mp3) at 11:17
06-12-2025 11:17:42 | ::1 | CLIENT | PLAY ADZAN Dhuhr (adzan) at 11:14
06-12-2025 14:40:07 | ::1 | CLIENT | PLAY ADZAN Asr (adzan) at 14:40
06-12-2025 14:40:07 | ::1 | CLIENT | PLAY DOA setelah Asr (sudah.mp3) at 14:40
06-12-2025 14:43:42 | ::1 | CLIENT | PLAY DOA setelah Asr (sudah.mp3) at 14:43
06-12-2025 14:43:42 | ::1 | CLIENT | PLAY ADZAN Asr (adzan) at 14:40
06-12-2025 17:31:07 | ::1 | CLIENT | PLAY ADZAN Maghrib (adzan) at 17:31
06-12-2025 17:31:07 | ::1 | CLIENT | PLAY DOA setelah Maghrib (sudah.mp3) at 17:31
06-12-2025 17:34:42 | ::1 | CLIENT | PLAY ADZAN Maghrib (adzan) at 17:31
06-12-2025 17:34:42 | ::1 | CLIENT | PLAY DOA setelah Maghrib (sudah.mp3) at 17:34
06-12-2025 18:47:05 | ::1 | CLIENT | PLAY ADZAN Isha (adzan) at 18:47
06-12-2025 18:47:05 | ::1 | CLIENT | PLAY DOA setelah Isha (sudah.mp3) at 18:47
06-12-2025 18:50:40 | ::1 | CLIENT | PLAY ADZAN Isha (adzan) at 18:47
06-12-2025 18:50:40 | ::1 | CLIENT | PLAY DOA setelah Isha (sudah.mp3) at 18:50
07-12-2025 03:31:05 | ::1 | CLIENT | PLAY SUBUH Fajr (adzan) at 03:31
07-12-2025 03:31:05 | ::1 | CLIENT | PLAY DOA setelah Fajr (sudah.mp3) at 03:31
07-12-2025 03:34:24 | ::1 | CLIENT | PLAY SUBUH Fajr (adzan) at 03:31
07-12-2025 03:34:24 | ::1 | CLIENT | PLAY DOA setelah Fajr (sudah.mp3) at 03:34
07-12-2025 11:14:05 | ::1 | CLIENT | PLAY ADZAN Dhuhr (adzan) at 11:14
07-12-2025 11:14:05 | ::1 | CLIENT | PLAY DOA setelah Dhuhr (sudah.mp3) at 11:14
07-12-2025 11:17:40 | ::1 | CLIENT | PLAY ADZAN Dhuhr (adzan) at 11:14
07-12-2025 11:17:40 | ::1 | CLIENT | PLAY DOA setelah Dhuhr (sudah.mp3) at 11:17
07-12-2025 14:41:05 | ::1 | CLIENT | PLAY ADZAN Asr (adzan) at 14:41
07-12-2025 14:41:05 | ::1 | CLIENT | PLAY DOA setelah Asr (sudah.mp3) at 14:41
07-12-2025 14:44:40 | ::1 | CLIENT | PLAY DOA setelah Asr (sudah.mp3) at 14:44
07-12-2025 14:44:40 | ::1 | CLIENT | PLAY ADZAN Asr (adzan) at 14:41
07-12-2025 17:32:05 | ::1 | CLIENT | PLAY ADZAN Maghrib (adzan) at 17:32
07-12-2025 17:32:05 | ::1 | CLIENT | PLAY DOA setelah Maghrib (sudah.mp3) at 17:32
07-12-2025 17:35:40 | ::1 | CLIENT | PLAY DOA setelah Maghrib (sudah.mp3) at 17:35
07-12-2025 17:35:40 | ::1 | CLIENT | PLAY ADZAN Maghrib (adzan) at 17:32
07-12-2025 18:48:05 | ::1 | CLIENT | PLAY ADZAN Isha (adzan) at 18:48
07-12-2025 18:48:05 | ::1 | CLIENT | PLAY DOA setelah Isha (sudah.mp3) at 18:48
07-12-2025 18:51:40 | ::1 | CLIENT | PLAY DOA setelah Isha (sudah.mp3) at 18:51
07-12-2025 18:51:40 | ::1 | CLIENT | PLAY ADZAN Isha (adzan) at 18:48
08-12-2025 03:31:05 | ::1 | CLIENT | PLAY DOA setelah Fajr (sudah.mp3) at 03:31
08-12-2025 03:34:24 | ::1 | CLIENT | PLAY SUBUH Fajr (adzan) at 03:31
08-12-2025 03:34:24 | ::1 | CLIENT | PLAY DOA setelah Fajr (sudah.mp3) at 03:34
08-12-2025 11:14:05 | ::1 | CLIENT | PLAY ADZAN Dhuhr (adzan) at 11:14
08-12-2025 11:14:05 | ::1 | CLIENT | PLAY DOA setelah Dhuhr (sudah.mp3) at 11:14
08-12-2025 11:17:40 | ::1 | CLIENT | PLAY ADZAN Dhuhr (adzan) at 11:14
08-12-2025 11:17:40 | ::1 | CLIENT | PLAY DOA setelah Dhuhr (sudah.mp3) at 11:17
08-12-2025 14:41:05 | ::1 | CLIENT | PLAY ADZAN Asr (adzan) at 14:41
08-12-2025 14:41:05 | ::1 | CLIENT | PLAY DOA setelah Asr (sudah.mp3) at 14:41
08-12-2025 14:44:40 | ::1 | CLIENT | PLAY ADZAN Asr (adzan) at 14:41
08-12-2025 14:44:40 | ::1 | CLIENT | PLAY DOA setelah Asr (sudah.mp3) at 14:44
08-12-2025 17:32:05 | ::1 | CLIENT | PLAY ADZAN Maghrib (adzan) at 17:32
08-12-2025 17:32:05 | ::1 | CLIENT | PLAY DOA setelah Maghrib (sudah.mp3) at 17:32
08-12-2025 17:35:40 | ::1 | CLIENT | PLAY ADZAN Maghrib (adzan) at 17:32
08-12-2025 17:35:40 | ::1 | CLIENT | PLAY DOA setelah Maghrib (sudah.mp3) at 17:35
08-12-2025 18:49:08 | ::1 | CLIENT | PLAY ADZAN Isha (adzan) at 18:49
08-12-2025 18:49:08 | ::1 | CLIENT | PLAY DOA setelah Isha (sudah.mp3) at 18:49
08-12-2025 18:52:43 | ::1 | CLIENT | PLAY DOA setelah Isha (sudah.mp3) at 18:52
08-12-2025 18:52:43 | ::1 | CLIENT | PLAY ADZAN Isha (adzan) at 18:49
09-12-2025 03:31:08 | ::1 | CLIENT | PLAY SUBUH Fajr (adzan) at 03:31
09-12-2025 03:31:08 | ::1 | CLIENT | PLAY DOA setelah Fajr (sudah.mp3) at 03:31
09-12-2025 03:34:27 | ::1 | CLIENT | PLAY SUBUH Fajr (adzan) at 03:31
09-12-2025 03:34:27 | ::1 | CLIENT | PLAY DOA setelah Fajr (sudah.mp3) at 03:34
09-12-2025 11:15:08 | ::1 | CLIENT | PLAY DOA setelah Dhuhr (sudah.mp3) at 11:15
09-12-2025 11:15:08 | ::1 | CLIENT | PLAY ADZAN Dhuhr (adzan) at 11:15
09-12-2025 11:18:43 | ::1 | CLIENT | PLAY DOA setelah Dhuhr (sudah.mp3) at 11:18
09-12-2025 11:18:43 | ::1 | CLIENT | PLAY ADZAN Dhuhr (adzan) at 11:15
09-12-2025 14:42:08 | ::1 | CLIENT | PLAY ADZAN Asr (adzan) at 14:42
09-12-2025 14:42:08 | ::1 | CLIENT | PLAY DOA setelah Asr (sudah.mp3) at 14:42
09-12-2025 14:45:43 | ::1 | CLIENT | PLAY DOA setelah Asr (sudah.mp3) at 14:45
09-12-2025 14:45:43 | ::1 | CLIENT | PLAY ADZAN Asr (adzan) at 14:42
09-12-2025 17:33:08 | ::1 | CLIENT | PLAY ADZAN Maghrib (adzan) at 17:33
09-12-2025 17:33:08 | ::1 | CLIENT | PLAY DOA setelah Maghrib (sudah.mp3) at 17:33
09-12-2025 17:36:43 | ::1 | CLIENT | PLAY ADZAN Maghrib (adzan) at 17:33
at 17:36
09-12-2025 18:49:08 | ::1 | CLIENT | PLAY ADZAN Isha (adzan) at 18:49
09-12-2025 18:49:08 | ::1 | CLIENT | PLAY DOA setelah Isha (sudah.mp3) at 18:49
09-12-2025 18:52:43 | ::1 | CLIENT | PLAY ADZAN Isha (adzan) at 18:49
09-12-2025 18:52:43 | ::1 | CLIENT | PLAY DOA setelah Isha (sudah.mp3) at 18:52
10-12-2025 03:32:08 | ::1 | CLIENT | PLAY SUBUH Fajr (adzan) at 03:32
at 03:32
10-12-2025 03:35:27 | ::1 | CLIENT | PLAY DOA setelah Fajr (sudah.mp3) at 03:35
10-12-2025 11:15:08 | ::1 | CLIENT | PLAY ADZAN Dhuhr (adzan) at 11:15
10-12-2025 11:15:08 | ::1 | CLIENT | PLAY DOA setelah Dhuhr (sudah.mp3) at 11:15
10-12-2025 11:18:43 | ::1 | CLIENT | PLAY ADZAN Dhuhr (adzan) at 11:15
10-12-2025 11:18:43 | ::1 | CLIENT | PLAY DOA setelah Dhuhr (sudah.mp3) at 11:18
10-12-2025 14:42:08 | ::1 | CLIENT | PLAY ADZAN Asr (adzan) at 14:42
10-12-2025 14:42:08 | ::1 | CLIENT | PLAY DOA setelah Asr (sudah.mp3) at 14:42
10-12-2025 14:45:43 | ::1 | CLIENT | PLAY ADZAN Asr (adzan) at 14:42
10-12-2025 14:45:43 | ::1 | CLIENT | PLAY DOA setelah Asr (sudah.mp3) at 14:45
10-12-2025 17:33:08 | ::1 | CLIENT | PLAY ADZAN Maghrib (adzan) at 17:33
10-12-2025 17:33:08 | ::1 | CLIENT | PLAY DOA setelah Maghrib (sudah.mp3) at 17:33
10-12-2025 17:36:43 | ::1 | CLIENT | PLAY ADZAN Maghrib (adzan) at 17:33
10-12-2025 17:36:43 | ::1 | CLIENT | PLAY DOA setelah Maghrib (sudah.mp3) at 17:36
10-12-2025 18:50:06 | ::1 | CLIENT | PLAY ADZAN Isha (adzan) at 18:50
10-12-2025 18:50:06 | ::1 | CLIENT | PLAY DOA setelah Isha (sudah.mp3) at 18:50
10-12-2025 18:53:41 | ::1 | CLIENT | PLAY DOA setelah Isha (sudah.mp3) at 18:53
10-12-2025 18:53:41 | ::1 | CLIENT | PLAY ADZAN Isha (adzan) at 18:50
11-12-2025 03:32:06 | ::1 | CLIENT | PLAY DOA setelah Fajr (sudah.mp3) at 03:32
11-12-2025 03:35:25 | ::1 | CLIENT | PLAY SUBUH Fajr (adzan) at 03:32
11-12-2025 03:35:25 | ::1 | CLIENT | PLAY DOA setelah Fajr (sudah.mp3) at 03:35
11-12-2025 11:16:06 | ::1 | CLIENT | PLAY DOA setelah Dhuhr (sudah.mp3) at 11:16
11-12-2025 11:16:06 | ::1 | CLIENT | PLAY ADZAN Dhuhr (adzan) at 11:16
11-12-2025 11:19:41 | ::1 | CLIENT | PLAY DOA setelah Dhuhr (sudah.mp3) at 11:19
11-12-2025 11:19:41 | ::1 | CLIENT | PLAY ADZAN Dhuhr (adzan) at 11:16
11-12-2025 14:43:06 | ::1 | CLIENT | PLAY ADZAN Asr (adzan) at 14:43
11-12-2025 14:43:06 | ::1 | CLIENT | PLAY DOA setelah Asr (sudah.mp3) at 14:43
11-12-2025 14:46:41 | ::1 | CLIENT | PLAY DOA setelah Asr (sudah.mp3) at 14:46
11-12-2025 14:46:41 | ::1 | CLIENT | PLAY ADZAN Asr (adzan) at 14:43
11-12-2025 17:34:06 | ::1 | CLIENT | PLAY ADZAN Maghrib (adzan) at 17:34
11-12-2025 17:34:06 | ::1 | CLIENT | PLAY DOA setelah Maghrib (sudah.mp3) at 17:34
11-12-2025 17:37:41 | ::1 | CLIENT | PLAY DOA setelah Maghrib (sudah.mp3) at 17:37
11-12-2025 17:37:41 | ::1 | CLIENT | PLAY ADZAN Maghrib (adzan) at 17:34
11-12-2025 18:50:06 | ::1 | CLIENT | PLAY ADZAN Isha (adzan) at 18:50
11-12-2025 18:50:06 | ::1 | CLIENT | PLAY DOA setelah Isha (sudah.mp3) at 18:50
11-12-2025 18:53:41 | ::1 | CLIENT | PLAY ADZAN Isha (adzan) at 18:50
11-12-2025 18:53:41 | ::1 | CLIENT | PLAY DOA setelah Isha (sudah.mp3) at 18:53
12-12-2025 03:32:06 | ::1 | CLIENT | PLAY SUBUH Fajr (adzan) at 03:32
12-12-2025 03:32:06 | ::1 | CLIENT | PLAY DOA setelah Fajr (sudah.mp3) at 03:32
12-12-2025 03:35:25 | ::1 | CLIENT | PLAY SUBUH Fajr (adzan) at 03:32
12-12-2025 03:35:25 | ::1 | CLIENT | PLAY DOA setelah Fajr (sudah.mp3) at 03:35
12-12-2025 11:16:06 | ::1 | CLIENT | PLAY ADZAN Dhuhr (adzan) at 11:16
12-12-2025 11:16:06 | ::1 | CLIENT | PLAY DOA setelah Dhuhr (sudah.mp3) at 11:16
12-12-2025 11:19:41 | ::1 | CLIENT | PLAY ADZAN Dhuhr (adzan) at 11:16
12-12-2025 11:19:41 | ::1 | CLIENT | PLAY DOA setelah Dhuhr (sudah.mp3) at 11:19
12-12-2025 14:43:06 | ::1 | CLIENT | PLAY ADZAN Asr (adzan) at 14:43
12-12-2025 14:43:06 | ::1 | CLIENT | PLAY DOA setelah Asr (sudah.mp3) at 14:43
12-12-2025 14:46:41 | ::1 | CLIENT | PLAY ADZAN Asr (adzan) at 14:43
12-12-2025 14:46:41 | ::1 | CLIENT | PLAY DOA setelah Asr (sudah.mp3) at 14:46
12-12-2025 17:34:06 | ::1 | CLIENT | PLAY ADZAN Maghrib (adzan) at 17:34
12-12-2025 17:34:06 | ::1 | CLIENT | PLAY DOA setelah Maghrib (sudah.mp3) at 17:34
12-12-2025 17:37:41 | ::1 | CLIENT | PLAY ADZAN Maghrib (adzan) at 17:34
12-12-2025 17:37:41 | ::1 | CLIENT | PLAY DOA setelah Maghrib (sudah.mp3) at 17:37
12-12-2025 18:51:09 | ::1 | CLIENT | PLAY ADZAN Isha (adzan) at 18:51
12-12-2025 18:51:09 | ::1 | CLIENT | PLAY DOA setelah Isha (sudah.mp3) at 18:51
12-12-2025 18:54:44 | ::1 | CLIENT | PLAY DOA setelah Isha (sudah.mp3) at 18:54
12-12-2025 18:54:44 | ::1 | CLIENT | PLAY ADZAN Isha (adzan) at 18:51
13-12-2025 03:33:09 | ::1 | CLIENT | PLAY SUBUH Fajr (adzan) at 03:33
13-12-2025 03:33:09 | ::1 | CLIENT | PLAY DOA setelah Fajr (sudah.mp3) at 03:33
13-12-2025 03:36:28 | ::1 | CLIENT | PLAY DOA setelah Fajr (sudah.mp3) at 03:36
13-12-2025 03:36:28 | ::1 | CLIENT | PLAY SUBUH Fajr (adzan) at 03:33
13-12-2025 11:17:09 | ::1 | CLIENT | PLAY ADZAN Dhuhr (adzan) at 11:17
13-12-2025 11:17:09 | ::1 | CLIENT | PLAY DOA setelah Dhuhr (sudah.mp3) at 11:17
13-12-2025 11:20:44 | ::1 | CLIENT | PLAY DOA setelah Dhuhr (sudah.mp3) at 11:20
13-12-2025 11:20:44 | ::1 | CLIENT | PLAY ADZAN Dhuhr (adzan) at 11:17
13-12-2025 14:44:09 | ::1 | CLIENT | PLAY ADZAN Asr (adzan) at 14:44
13-12-2025 14:44:09 | ::1 | CLIENT | PLAY DOA setelah Asr (sudah.mp3) at 14:44
13-12-2025 14:47:44 | ::1 | CLIENT | PLAY DOA setelah Asr (sudah.mp3) at 14:47
13-12-2025 14:47:44 | ::1 | CLIENT | PLAY ADZAN Asr (adzan) at 14:44
13-12-2025 17:35:09 | ::1 | CLIENT | PLAY ADZAN Maghrib (adzan) at 17:35
13-12-2025 17:35:09 | ::1 | CLIENT | PLAY DOA setelah Maghrib (sudah.mp3) at 17:35
13-12-2025 17:38:44 | ::1 | CLIENT | PLAY DOA setelah Maghrib (sudah.mp3) at 17:38
13-12-2025 17:38:44 | ::1 | CLIENT | PLAY ADZAN Maghrib (adzan) at 17:35
13-12-2025 18:52:09 | ::1 | CLIENT | PLAY DOA setelah Isha (sudah.mp3) at 18:52
13-12-2025 18:55:44 | ::1 | CLIENT | PLAY DOA setelah Isha (sudah.mp3) at 18:55
13-12-2025 18:55:44 | ::1 | CLIENT | PLAY ADZAN Isha (adzan) at 18:52
14-12-2025 03:33:09 | ::1 | CLIENT | PLAY SUBUH Fajr (adzan) at 03:33
14-12-2025 03:33:09 | ::1 | CLIENT | PLAY DOA setelah Fajr (sudah.mp3) at 03:33
14-12-2025 03:36:28 | ::1 | CLIENT | PLAY SUBUH Fajr (adzan) at 03:33
14-12-2025 03:36:28 | ::1 | CLIENT | PLAY DOA setelah Fajr (sudah.mp3) at 03:36
14-12-2025 11:17:09 | ::1 | CLIENT | PLAY ADZAN Dhuhr (adzan) at 11:17
14-12-2025 11:17:09 | ::1 | CLIENT | PLAY DOA setelah Dhuhr (sudah.mp3) at 11:17
14-12-2025 11:20:44 | ::1 | CLIENT | PLAY ADZAN Dhuhr (adzan) at 11:17
14-12-2025 11:20:44 | ::1 | CLIENT | PLAY DOA setelah Dhuhr (sudah.mp3) at 11:20
14-12-2025 14:44:09 | ::1 | CLIENT | PLAY ADZAN Asr (adzan) at 14:44
14-12-2025 14:44:09 | ::1 | CLIENT | PLAY DOA setelah Asr (sudah.mp3) at 14:44
14-12-2025 14:47:44 | ::1 | CLIENT | PLAY DOA setelah Asr (sudah.mp3) at 14:47
14-12-2025 17:35:09 | ::1 | CLIENT | PLAY DOA setelah Maghrib (sudah.mp3) at 17:35
14-12-2025 17:35:09 | ::1 | CLIENT | PLAY ADZAN Maghrib (adzan) at 17:35
14-12-2025 17:38:44 | ::1 | CLIENT | PLAY ADZAN Maghrib (adzan) at 17:35
14-12-2025 17:38:44 | ::1 | CLIENT | PLAY DOA setelah Maghrib (sudah.mp3) at 17:38
14-12-2025 18:52:08 | ::1 | CLIENT | PLAY ADZAN Isha (adzan) at 18:52
at 18:52
14-12-2025 18:55:42 | ::1 | CLIENT | PLAY ADZAN Isha (adzan) at 18:52
14-12-2025 18:55:42 | ::1 | CLIENT | PLAY DOA setelah Isha (sudah.mp3) at 18:55
15-12-2025 03:34:08 | ::1 | CLIENT | PLAY SUBUH Fajr (adzan) at 03:34
15-12-2025 03:34:08 | ::1 | CLIENT | PLAY DOA setelah Fajr (sudah.mp3) at 03:34
15-12-2025 03:37:26 | ::1 | CLIENT | PLAY DOA setelah Fajr (sudah.mp3) at 03:37
15-12-2025 03:37:26 | ::1 | CLIENT | PLAY SUBUH Fajr (adzan) at 03:34
15-12-2025 11:18:07 | ::1 | CLIENT | PLAY ADZAN Dhuhr (adzan) at 11:18
15-12-2025 11:18:08 | ::1 | CLIENT | PLAY DOA setelah Dhuhr (sudah.mp3) at 11:18
15-12-2025 11:21:42 | ::1 | CLIENT | PLAY DOA setelah Dhuhr (sudah.mp3) at 11:21
15-12-2025 11:21:42 | ::1 | CLIENT | PLAY ADZAN Dhuhr (adzan) at 11:18
15-12-2025 14:45:08 | ::1 | CLIENT | PLAY ADZAN Asr (adzan) at 14:45
15-12-2025 14:45:08 | ::1 | CLIENT | PLAY DOA setelah Asr (sudah.mp3) at 14:45
15-12-2025 14:48:42 | ::1 | CLIENT | PLAY DOA setelah Asr (sudah.mp3) at 14:48
15-12-2025 14:48:42 | ::1 | CLIENT | PLAY ADZAN Asr (adzan) at 14:45
15-12-2025 17:36:08 | ::1 | CLIENT | PLAY ADZAN Maghrib (adzan) at 17:36
15-12-2025 17:36:08 | ::1 | CLIENT | PLAY DOA setelah Maghrib (sudah.mp3) at 17:36
15-12-2025 17:39:42 | ::1 | CLIENT | PLAY DOA setelah Maghrib (sudah.mp3) at 17:39
15-12-2025 17:39:42 | ::1 | CLIENT | PLAY ADZAN Maghrib (adzan) at 17:36
15-12-2025 18:53:08 | ::1 | CLIENT | PLAY DOA setelah Isha (sudah.mp3) at 18:53
15-12-2025 18:56:42 | ::1 | CLIENT | PLAY DOA setelah Isha (sudah.mp3) at 18:56
15-12-2025 18:56:42 | ::1 | CLIENT | PLAY ADZAN Isha (adzan) at 18:53
16-12-2025 03:34:08 | ::1 | CLIENT | PLAY SUBUH Fajr (adzan) at 03:34
16-12-2025 03:34:08 | ::1 | CLIENT | PLAY DOA setelah Fajr (sudah.mp3) at 03:34
16-12-2025 03:37:26 | ::1 | CLIENT | PLAY SUBUH Fajr (adzan) at 03:34
16-12-2025 03:37:26 | ::1 | CLIENT | PLAY DOA setelah Fajr (sudah.mp3) at 03:37
16-12-2025 11:18:07 | ::1 | CLIENT | PLAY ADZAN Dhuhr (adzan) at 11:18
16-12-2025 11:18:07 | ::1 | CLIENT | PLAY DOA setelah Dhuhr (sudah.mp3) at 11:18
16-12-2025 11:21:42 | ::1 | CLIENT | PLAY ADZAN Dhuhr (adzan) at 11:18
16-12-2025 11:21:42 | ::1 | CLIENT | PLAY DOA setelah Dhuhr (sudah.mp3) at 11:21
16-12-2025 14:45:08 | ::1 | CLIENT | PLAY ADZAN Asr (adzan) at 14:45
16-12-2025 14:45:08 | ::1 | CLIENT | PLAY DOA setelah Asr (sudah.mp3) at 14:45
16-12-2025 14:48:42 | ::1 | CLIENT | PLAY ADZAN Asr (adzan) at 14:45
16-12-2025 14:48:42 | ::1 | CLIENT | PLAY DOA setelah Asr (sudah.mp3) at 14:48
16-12-2025 17:36:08 | ::1 | CLIENT | PLAY DOA setelah Maghrib (sudah.mp3) at 17:36
16-12-2025 17:39:42 | ::1 | CLIENT | PLAY ADZAN Maghrib (adzan) at 17:36
16-12-2025 17:39:42 | ::1 | CLIENT | PLAY DOA setelah Maghrib (sudah.mp3) at 17:39
16-12-2025 18:53:06 | ::1 | CLIENT | PLAY DOA setelah Isha (sudah.mp3) at 18:53
16-12-2025 18:56:40 | ::1 | CLIENT | PLAY ADZAN Isha (adzan) at 18:53
16-12-2025 18:56:40 | ::1 | CLIENT | PLAY DOA setelah Isha (sudah.mp3) at 18:56
17-12-2025 03:34:06 | ::1 | CLIENT | PLAY SUBUH Fajr (adzan) at 03:34
17-12-2025 03:34:06 | ::1 | CLIENT | PLAY DOA setelah Fajr (sudah.mp3) at 03:34
17-12-2025 03:37:24 | ::1 | CLIENT | PLAY SUBUH Fajr (adzan) at 03:34
17-12-2025 03:37:24 | ::1 | CLIENT | PLAY DOA setelah Fajr (sudah.mp3) at 03:37
20-12-2025 14:47:07 | ::1 | CLIENT | PLAY ADZAN Asr (adzan) at 14:47
20-12-2025 14:47:07 | ::1 | CLIENT | PLAY DOA setelah Asr (sudah.mp3) at 14:47
20-12-2025 14:50:41 | ::1 | CLIENT | PLAY DOA setelah Asr (sudah.mp3) at 14:50
20-12-2025 14:50:41 | ::1 | CLIENT | PLAY ADZAN Asr (adzan) at 14:47
20-12-2025 17:38:07 | ::1 | CLIENT | PLAY ADZAN Maghrib (adzan) at 17:38
20-12-2025 17:38:07 | ::1 | CLIENT | PLAY DOA setelah Maghrib (sudah.mp3) at 17:38
20-12-2025 17:41:41 | ::1 | CLIENT | PLAY DOA setelah Maghrib (sudah.mp3) at 17:41
20-12-2025 17:41:41 | ::1 | CLIENT | PLAY ADZAN Maghrib (adzan) at 17:38
20-12-2025 18:55:05 | ::1 | CLIENT | PLAY ADZAN Isha (adzan) at 18:55
20-12-2025 18:55:05 | ::1 | CLIENT | PLAY DOA setelah Isha (sudah.mp3) at 18:55
20-12-2025 18:58:39 | ::1 | CLIENT | PLAY DOA setelah Isha (sudah.mp3) at 18:58
20-12-2025 18:58:39 | ::1 | CLIENT | PLAY ADZAN Isha (adzan) at 18:55
21-12-2025 03:36:05 | ::1 | CLIENT | PLAY SUBUH Fajr (adzan) at 03:36
21-12-2025 03:36:05 | ::1 | CLIENT | PLAY DOA setelah Fajr (sudah.mp3) at 03:36
21-12-2025 03:39:23 | ::1 | CLIENT | PLAY DOA setelah Fajr (sudah.mp3) at 03:39
21-12-2025 03:39:23 | ::1 | CLIENT | PLAY SUBUH Fajr (adzan) at 03:36
21-12-2025 11:21:05 | ::1 | CLIENT | PLAY ADZAN Dhuhr (adzan) at 11:21
21-12-2025 11:21:05 | ::1 | CLIENT | PLAY DOA setelah Dhuhr (sudah.mp3) at 11:21
21-12-2025 11:24:39 | ::1 | CLIENT | PLAY DOA setelah Dhuhr (sudah.mp3) at 11:24
21-12-2025 11:24:39 | ::1 | CLIENT | PLAY ADZAN Dhuhr (adzan) at 11:21
21-12-2025 14:48:05 | ::1 | CLIENT | PLAY ADZAN Asr (adzan) at 14:48
21-12-2025 14:48:05 | ::1 | CLIENT | PLAY DOA setelah Asr (sudah.mp3) at 14:48
21-12-2025 14:51:39 | ::1 | CLIENT | PLAY DOA setelah Asr (sudah.mp3) at 14:51
21-12-2025 14:51:39 | ::1 | CLIENT | PLAY ADZAN Asr (adzan) at 14:48
21-12-2025 17:39:05 | ::1 | CLIENT | PLAY ADZAN Maghrib (adzan) at 17:39
21-12-2025 17:39:05 | ::1 | CLIENT | PLAY DOA setelah Maghrib (sudah.mp3) at 17:39
21-12-2025 17:42:39 | ::1 | CLIENT | PLAY DOA setelah Maghrib (sudah.mp3) at 17:42
21-12-2025 17:42:39 | ::1 | CLIENT | PLAY ADZAN Maghrib (adzan) at 17:39
21-12-2025 18:56:05 | ::1 | CLIENT | PLAY ADZAN Isha (adzan) at 18:56
21-12-2025 18:56:05 | ::1 | CLIENT | PLAY DOA setelah Isha (sudah.mp3) at 18:56
21-12-2025 18:59:39 | ::1 | CLIENT | PLAY DOA setelah Isha (sudah.mp3) at 18:59
21-12-2025 18:59:39 | ::1 | CLIENT | PLAY ADZAN Isha (adzan) at 18:56
22-12-2025 03:37:05 | ::1 | CLIENT | PLAY SUBUH Fajr (adzan) at 03:37
22-12-2025 03:37:05 | ::1 | CLIENT | PLAY DOA setelah Fajr (sudah.mp3) at 03:37
22-12-2025 03:40:23 | ::1 | CLIENT | PLAY DOA setelah Fajr (sudah.mp3) at 03:40
22-12-2025 03:40:23 | ::1 | CLIENT | PLAY SUBUH Fajr (adzan) at 03:37
22-12-2025 11:21:05 | ::1 | CLIENT | PLAY ADZAN Dhuhr (adzan) at 11:21
22-12-2025 11:21:05 | ::1 | CLIENT | PLAY DOA setelah Dhuhr (sudah.mp3) at 11:21
22-12-2025 11:24:39 | ::1 | CLIENT | PLAY ADZAN Dhuhr (adzan) at 11:21
22-12-2025 11:24:39 | ::1 | CLIENT | PLAY DOA setelah Dhuhr (sudah.mp3) at 11:24
22-12-2025 14:48:05 | ::1 | CLIENT | PLAY ADZAN Asr (adzan) at 14:48
22-12-2025 14:48:05 | ::1 | CLIENT | PLAY DOA setelah Asr (sudah.mp3) at 14:48
22-12-2025 14:51:39 | ::1 | CLIENT | PLAY ADZAN Asr (adzan) at 14:48
22-12-2025 14:51:39 | ::1 | CLIENT | PLAY DOA setelah Asr (sudah.mp3) at 14:51
22-12-2025 17:39:05 | ::1 | CLIENT | PLAY ADZAN Maghrib (adzan) at 17:39
22-12-2025 17:39:05 | ::1 | CLIENT | PLAY DOA setelah Maghrib (sudah.mp3) at 17:39
22-12-2025 17:42:39 | ::1 | CLIENT | PLAY ADZAN Maghrib (adzan) at 17:39
22-12-2025 17:42:39 | ::1 | CLIENT | PLAY DOA setelah Maghrib (sudah.mp3) at 17:42
22-12-2025 18:56:08 | ::1 | CLIENT | PLAY ADZAN Isha (adzan) at 18:56
at 18:56
22-12-2025 18:59:42 | ::1 | CLIENT | PLAY ADZAN Isha (adzan) at 18:56
22-12-2025 18:59:42 | ::1 | CLIENT | PLAY DOA setelah Isha (sudah.mp3) at 18:59
23-12-2025 03:37:08 | ::1 | CLIENT | PLAY SUBUH Fajr (adzan) at 03:37
23-12-2025 03:37:08 | ::1 | CLIENT | PLAY DOA setelah Fajr (sudah.mp3) at 03:37
23-12-2025 03:40:26 | ::1 | CLIENT | PLAY SUBUH Fajr (adzan) at 03:37
23-12-2025 03:40:26 | ::1 | CLIENT | PLAY DOA setelah Fajr (sudah.mp3) at 03:40
23-12-2025 11:22:08 | ::1 | CLIENT | PLAY ADZAN Dhuhr (adzan) at 11:22
23-12-2025 11:22:08 | ::1 | CLIENT | PLAY DOA setelah Dhuhr (sudah.mp3) at 11:22
23-12-2025 11:25:42 | ::1 | CLIENT | PLAY DOA setelah Dhuhr (sudah.mp3) at 11:25
23-12-2025 11:25:42 | ::1 | CLIENT | PLAY ADZAN Dhuhr (adzan) at 11:22
23-12-2025 14:49:08 | ::1 | CLIENT | PLAY ADZAN Asr (adzan) at 14:49
23-12-2025 14:49:08 | ::1 | CLIENT | PLAY DOA setelah Asr (sudah.mp3) at 14:49
23-12-2025 14:52:42 | ::1 | CLIENT | PLAY DOA setelah Asr (sudah.mp3) at 14:52
23-12-2025 14:52:42 | ::1 | CLIENT | PLAY ADZAN Asr (adzan) at 14:49
23-12-2025 17:40:08 | ::1 | CLIENT | PLAY ADZAN Maghrib (adzan) at 17:40
23-12-2025 17:40:08 | ::1 | CLIENT | PLAY DOA setelah Maghrib (sudah.mp3) at 17:40
23-12-2025 17:43:42 | ::1 | CLIENT | PLAY DOA setelah Maghrib (sudah.mp3) at 17:43
23-12-2025 17:43:42 | ::1 | CLIENT | PLAY ADZAN Maghrib (adzan) at 17:40
23-12-2025 18:57:08 | ::1 | CLIENT | PLAY DOA setelah Isha (sudah.mp3) at 18:57
23-12-2025 19:00:42 | ::1 | CLIENT | PLAY DOA setelah Isha (sudah.mp3) at 19:00
23-12-2025 19:00:42 | ::1 | CLIENT | PLAY ADZAN Isha (adzan) at 18:57
24-12-2025 03:38:08 | ::1 | CLIENT | PLAY SUBUH Fajr (adzan) at 03:38
24-12-2025 03:38:08 | ::1 | CLIENT | PLAY DOA setelah Fajr (sudah.mp3) at 03:38
24-12-2025 03:41:26 | ::1 | CLIENT | PLAY DOA setelah Fajr (sudah.mp3) at 03:41
24-12-2025 03:41:26 | ::1 | CLIENT | PLAY SUBUH Fajr (adzan) at 03:38
24-12-2025 11:22:08 | ::1 | CLIENT | PLAY DOA setelah Dhuhr (sudah.mp3) at 11:22
24-12-2025 11:22:08 | ::1 | CLIENT | PLAY ADZAN Dhuhr (adzan) at 11:22
24-12-2025 11:25:42 | ::1 | CLIENT | PLAY DOA setelah Dhuhr (sudah.mp3) at 11:25
24-12-2025 11:25:42 | ::1 | CLIENT | PLAY ADZAN Dhuhr (adzan) at 11:22
24-12-2025 14:49:08 | ::1 | CLIENT | PLAY ADZAN Asr (adzan) at 14:49
24-12-2025 14:49:08 | ::1 | CLIENT | PLAY DOA setelah Asr (sudah.mp3) at 14:49
24-12-2025 14:52:42 | ::1 | CLIENT | PLAY ADZAN Asr (adzan) at 14:49
24-12-2025 14:52:42 | ::1 | CLIENT | PLAY DOA setelah Asr (sudah.mp3) at 14:52
24-12-2025 17:40:08 | ::1 | CLIENT | PLAY ADZAN Maghrib (adzan) at 17:40
24-12-2025 17:40:08 | ::1 | CLIENT | PLAY DOA setelah Maghrib (sudah.mp3) at 17:40
24-12-2025 17:43:42 | ::1 | CLIENT | PLAY ADZAN Maghrib (adzan) at 17:40
24-12-2025 17:43:42 | ::1 | CLIENT | PLAY DOA setelah Maghrib (sudah.mp3) at 17:43
24-12-2025 18:57:06 | ::1 | CLIENT | PLAY DOA setelah Isha (sudah.mp3) at 18:57
24-12-2025 19:00:40 | ::1 | CLIENT | PLAY ADZAN Isha (adzan) at 18:57
24-12-2025 19:00:40 | ::1 | CLIENT | PLAY DOA setelah Isha (sudah.mp3) at 19:00
25-12-2025 03:38:06 | ::1 | CLIENT | PLAY SUBUH Fajr (adzan) at 03:38
25-12-2025 03:38:06 | ::1 | CLIENT | PLAY DOA setelah Fajr (sudah.mp3) at 03:38
25-12-2025 03:41:24 | ::1 | CLIENT | PLAY SUBUH Fajr (adzan) at 03:38
25-12-2025 03:41:24 | ::1 | CLIENT | PLAY DOA setelah Fajr (sudah.mp3) at 03:41
25-12-2025 11:23:06 | ::1 | CLIENT | PLAY ADZAN Dhuhr (adzan) at 11:23
25-12-2025 11:23:06 | ::1 | CLIENT | PLAY DOA setelah Dhuhr (sudah.mp3) at 11:23
25-12-2025 11:26:40 | ::1 | CLIENT | PLAY DOA setelah Dhuhr (sudah.mp3) at 11:26
25-12-2025 11:26:40 | ::1 | CLIENT | PLAY ADZAN Dhuhr (adzan) at 11:23
25-12-2025 14:50:06 | ::1 | CLIENT | PLAY ADZAN Asr (adzan) at 14:50
25-12-2025 14:50:06 | ::1 | CLIENT | PLAY DOA setelah Asr (sudah.mp3) at 14:50
25-12-2025 14:53:40 | ::1 | CLIENT | PLAY DOA setelah Asr (sudah.mp3) at 14:53
25-12-2025 14:53:40 | ::1 | CLIENT | PLAY ADZAN Asr (adzan) at 14:50
25-12-2025 17:41:06 | ::1 | CLIENT | PLAY ADZAN Maghrib (adzan) at 17:41
25-12-2025 17:41:06 | ::1 | CLIENT | PLAY DOA setelah Maghrib (sudah.mp3) at 17:41
25-12-2025 17:44:40 | ::1 | CLIENT | PLAY DOA setelah Maghrib (sudah.mp3) at 17:44
25-12-2025 17:44:40 | ::1 | CLIENT | PLAY ADZAN Maghrib (adzan) at 17:41
25-12-2025 18:58:06 | ::1 | CLIENT | PLAY ADZAN Isha (adzan) at 18:58
25-12-2025 18:58:06 | ::1 | CLIENT | PLAY DOA setelah Isha (sudah.mp3) at 18:58
25-12-2025 19:01:40 | ::1 | CLIENT | PLAY DOA setelah Isha (sudah.mp3) at 19:01
25-12-2025 19:01:40 | ::1 | CLIENT | PLAY ADZAN Isha (adzan) at 18:58
26-12-2025 03:39:06 | ::1 | CLIENT | PLAY SUBUH Fajr (adzan) at 03:39
26-12-2025 03:39:06 | ::1 | CLIENT | PLAY DOA setelah Fajr (sudah.mp3) at 03:39
26-12-2025 03:42:24 | ::1 | CLIENT | PLAY DOA setelah Fajr (sudah.mp3) at 03:42
26-12-2025 03:42:24 | ::1 | CLIENT | PLAY SUBUH Fajr (adzan) at 03:39
26-12-2025 11:23:06 | ::1 | CLIENT | PLAY DOA setelah Dhuhr (sudah.mp3) at 11:23
26-12-2025 11:23:06 | ::1 | CLIENT | PLAY ADZAN Dhuhr (adzan) at 11:23
26-12-2025 11:26:40 | ::1 | CLIENT | PLAY ADZAN Dhuhr (adzan) at 11:23
26-12-2025 11:26:40 | ::1 | CLIENT | PLAY DOA setelah Dhuhr (sudah.mp3) at 11:26
26-12-2025 14:50:06 | ::1 | CLIENT | PLAY ADZAN Asr (adzan) at 14:50
26-12-2025 14:50:06 | ::1 | CLIENT | PLAY DOA setelah Asr (sudah.mp3) at 14:50
26-12-2025 14:53:40 | ::1 | CLIENT | PLAY ADZAN Asr (adzan) at 14:50
26-12-2025 14:53:40 | ::1 | CLIENT | PLAY DOA setelah Asr (sudah.mp3) at 14:53
26-12-2025 17:41:06 | ::1 | CLIENT | PLAY DOA setelah Maghrib (sudah.mp3) at 17:41
26-12-2025 17:44:40 | ::1 | CLIENT | PLAY ADZAN Maghrib (adzan) at 17:41
26-12-2025 17:44:40 | ::1 | CLIENT | PLAY DOA setelah Maghrib (sudah.mp3) at 17:44
26-12-2025 18:58:09 | ::1 | CLIENT | PLAY DOA setelah Isha (sudah.mp3) at 18:58
26-12-2025 19:01:43 | ::1 | CLIENT | PLAY ADZAN Isha (adzan) at 18:58
26-12-2025 19:01:43 | ::1 | CLIENT | PLAY DOA setelah Isha (sudah.mp3) at 19:01
27-12-2025 03:39:09 | ::1 | CLIENT | PLAY SUBUH Fajr (adzan) at 03:39
27-12-2025 03:39:09 | ::1 | CLIENT | PLAY DOA setelah Fajr (sudah.mp3) at 03:39
27-12-2025 03:42:27 | ::1 | CLIENT | PLAY SUBUH Fajr (adzan) at 03:39
27-12-2025 03:42:27 | ::1 | CLIENT | PLAY DOA setelah Fajr (sudah.mp3) at 03:42
27-12-2025 11:24:09 | ::1 | CLIENT | PLAY ADZAN Dhuhr (adzan) at 11:24
at 11:24
27-12-2025 11:27:43 | ::1 | CLIENT | PLAY DOA setelah Dhuhr (sudah.mp3) at 11:27
27-12-2025 11:27:43 | ::1 | CLIENT | PLAY ADZAN Dhuhr (adzan) at 11:24
27-12-2025 14:51:09 | ::1 | CLIENT | PLAY ADZAN Asr (adzan) at 14:51
27-12-2025 14:51:09 | ::1 | CLIENT | PLAY DOA setelah Asr (sudah.mp3) at 14:51
27-12-2025 14:54:43 | ::1 | CLIENT | PLAY DOA setelah Asr (sudah.mp3) at 14:54
27-12-2025 14:54:43 | ::1 | CLIENT | PLAY ADZAN Asr (adzan) at 14:51
27-12-2025 17:42:09 | ::1 | CLIENT | PLAY ADZAN Maghrib (adzan) at 17:42
27-12-2025 17:42:09 | ::1 | CLIENT | PLAY DOA setelah Maghrib (sudah.mp3) at 17:42
27-12-2025 17:45:43 | ::1 | CLIENT | PLAY DOA setelah Maghrib (sudah.mp3) at 17:45
27-12-2025 17:45:43 | ::1 | CLIENT | PLAY ADZAN Maghrib (adzan) at 17:42
27-12-2025 18:59:09 | ::1 | CLIENT | PLAY ADZAN Isha (adzan) at 18:59
27-12-2025 18:59:09 | ::1 | CLIENT | PLAY DOA setelah Isha (sudah.mp3) at 18:59
27-12-2025 19:02:43 | ::1 | CLIENT | PLAY DOA setelah Isha (sudah.mp3) at 19:02
27-12-2025 19:02:43 | ::1 | CLIENT | PLAY ADZAN Isha (adzan) at 18:59
28-12-2025 03:40:09 | ::1 | CLIENT | PLAY SUBUH Fajr (adzan) at 03:40
28-12-2025 03:40:09 | ::1 | CLIENT | PLAY DOA setelah Fajr (sudah.mp3) at 03:40
28-12-2025 03:43:27 | ::1 | CLIENT | PLAY DOA setelah Fajr (sudah.mp3) at 03:43
28-12-2025 03:43:27 | ::1 | CLIENT | PLAY SUBUH Fajr (adzan) at 03:40
28-12-2025 11:24:09 | ::1 | CLIENT | PLAY ADZAN Dhuhr (adzan) at 11:24
28-12-2025 11:24:09 | ::1 | CLIENT | PLAY DOA setelah Dhuhr (sudah.mp3) at 11:24
28-12-2025 11:27:43 | ::1 | CLIENT | PLAY ADZAN Dhuhr (adzan) at 11:24
28-12-2025 11:27:43 | ::1 | CLIENT | PLAY DOA setelah Dhuhr (sudah.mp3) at 11:27
28-12-2025 14:51:09 | ::1 | CLIENT | PLAY ADZAN Asr (adzan) at 14:51
28-12-2025 14:51:09 | ::1 | CLIENT | PLAY DOA setelah Asr (sudah.mp3) at 14:51
28-12-2025 14:54:43 | ::1 | CLIENT | PLAY ADZAN Asr (adzan) at 14:51
28-12-2025 14:54:43 | ::1 | CLIENT | PLAY DOA setelah Asr (sudah.mp3) at 14:54
28-12-2025 17:42:09 | ::1 | CLIENT | PLAY ADZAN Maghrib (adzan) at 17:42
28-12-2025 17:42:09 | ::1 | CLIENT | PLAY DOA setelah Maghrib (sudah.mp3) at 17:42
28-12-2025 17:45:43 | ::1 | CLIENT | PLAY ADZAN Maghrib (adzan) at 17:42
28-12-2025 17:45:43 | ::1 | CLIENT | PLAY DOA setelah Maghrib (sudah.mp3) at 17:45
28-12-2025 18:59:07 | ::1 | CLIENT | PLAY DOA setelah Isha (sudah.mp3) at 18:59
28-12-2025 19:02:41 | ::1 | CLIENT | PLAY ADZAN Isha (adzan) at 18:59
28-12-2025 19:02:41 | ::1 | CLIENT | PLAY DOA setelah Isha (sudah.mp3) at 19:02
29-12-2025 03:40:07 | ::1 | CLIENT | PLAY DOA setelah Fajr (sudah.mp3) at 03:40
29-12-2025 03:40:07 | ::1 | CLIENT | PLAY SUBUH Fajr (adzan) at 03:40
29-12-2025 03:43:25 | ::1 | CLIENT | PLAY SUBUH Fajr (adzan) at 03:40
29-12-2025 03:43:25 | ::1 | CLIENT | PLAY DOA setelah Fajr (sudah.mp3) at 03:43
29-12-2025 11:25:07 | ::1 | CLIENT | PLAY ADZAN Dhuhr (adzan) at 11:25
29-12-2025 11:25:07 | ::1 | CLIENT | PLAY DOA setelah Dhuhr (sudah.mp3) at 11:25
29-12-2025 11:28:41 | ::1 | CLIENT | PLAY DOA setelah Dhuhr (sudah.mp3) at 11:28
29-12-2025 11:28:41 | ::1 | CLIENT | PLAY ADZAN Dhuhr (adzan) at 11:25
29-12-2025 14:52:07 | ::1 | CLIENT | PLAY ADZAN Asr (adzan) at 14:52
29-12-2025 14:52:07 | ::1 | CLIENT | PLAY DOA setelah Asr (sudah.mp3) at 14:52
29-12-2025 14:55:41 | ::1 | CLIENT | PLAY DOA setelah Asr (sudah.mp3) at 14:55
29-12-2025 14:55:41 | ::1 | CLIENT | PLAY ADZAN Asr (adzan) at 14:52
29-12-2025 17:43:07 | ::1 | CLIENT | PLAY ADZAN Maghrib (adzan) at 17:43
29-12-2025 17:43:07 | ::1 | CLIENT | PLAY DOA setelah Maghrib (sudah.mp3) at 17:43
29-12-2025 17:46:41 | ::1 | CLIENT | PLAY DOA setelah Maghrib (sudah.mp3) at 17:46
29-12-2025 17:46:41 | ::1 | CLIENT | PLAY ADZAN Maghrib (adzan) at 17:43
29-12-2025 18:59:07 | ::1 | CLIENT | PLAY DOA setelah Isha (sudah.mp3) at 18:59
29-12-2025 19:02:41 | ::1 | CLIENT | PLAY ADZAN Isha (adzan) at 18:59
29-12-2025 19:02:41 | ::1 | CLIENT | PLAY DOA setelah Isha (sudah.mp3) at 19:02
30-12-2025 03:41:07 | ::1 | CLIENT | PLAY SUBUH Fajr (adzan) at 03:41
30-12-2025 03:41:07 | ::1 | CLIENT | PLAY DOA setelah Fajr (sudah.mp3) at 03:41
30-12-2025 03:44:25 | ::1 | CLIENT | PLAY DOA setelah Fajr (sudah.mp3) at 03:44
30-12-2025 03:44:25 | ::1 | CLIENT | PLAY SUBUH Fajr (adzan) at 03:41
30-12-2025 11:25:07 | ::1 | CLIENT | PLAY ADZAN Dhuhr (adzan) at 11:25
30-12-2025 11:25:07 | ::1 | CLIENT | PLAY DOA setelah Dhuhr (sudah.mp3) at 11:25
30-12-2025 11:28:41 | ::1 | CLIENT | PLAY ADZAN Dhuhr (adzan) at 11:25
30-12-2025 11:28:41 | ::1 | CLIENT | PLAY DOA setelah Dhuhr (sudah.mp3) at 11:28
30-12-2025 14:52:07 | ::1 | CLIENT | PLAY ADZAN Asr (adzan) at 14:52
30-12-2025 14:52:07 | ::1 | CLIENT | PLAY DOA setelah Asr (sudah.mp3) at 14:52
30-12-2025 14:55:41 | ::1 | CLIENT | PLAY ADZAN Asr (adzan) at 14:52
30-12-2025 14:55:41 | ::1 | CLIENT | PLAY DOA setelah Asr (sudah.mp3) at 14:55
30-12-2025 17:43:07 | ::1 | CLIENT | PLAY DOA setelah Maghrib (sudah.mp3) at 17:43
30-12-2025 17:43:07 | ::1 | CLIENT | PLAY ADZAN Maghrib (adzan) at 17:43
30-12-2025 17:46:41 | ::1 | CLIENT | PLAY ADZAN Maghrib (adzan) at 17:43
30-12-2025 17:46:41 | ::1 | CLIENT | PLAY DOA setelah Maghrib (sudah.mp3) at 17:46
30-12-2025 19:00:05 | ::1 | CLIENT | PLAY DOA setelah Isha (sudah.mp3) at 19:00
30-12-2025 19:03:39 | ::1 | CLIENT | PLAY DOA setelah Isha (sudah.mp3) at 19:03
30-12-2025 19:03:39 | ::1 | CLIENT | PLAY ADZAN Isha (adzan) at 19:00
31-12-2025 03:42:05 | ::1 | CLIENT | PLAY SUBUH Fajr (adzan) at 03:42
31-12-2025 03:42:05 | ::1 | CLIENT | PLAY DOA setelah Fajr (sudah.mp3) at 03:42
31-12-2025 03:45:23 | ::1 | CLIENT | PLAY DOA setelah Fajr (sudah.mp3) at 03:45
31-12-2025 03:45:23 | ::1 | CLIENT | PLAY SUBUH Fajr (adzan) at 03:42
31-12-2025 11:26:05 | ::1 | CLIENT | PLAY DOA setelah Dhuhr (sudah.mp3) at 11:26
31-12-2025 11:26:05 | ::1 | CLIENT | PLAY ADZAN Dhuhr (adzan) at 11:26
31-12-2025 11:29:39 | ::1 | CLIENT | PLAY DOA setelah Dhuhr (sudah.mp3) at 11:29
31-12-2025 11:29:39 | ::1 | CLIENT | PLAY ADZAN Dhuhr (adzan) at 11:26
31-12-2025 14:52:05 | ::1 | CLIENT | PLAY ADZAN Asr (adzan) at 14:52
31-12-2025 14:52:05 | ::1 | CLIENT | PLAY DOA setelah Asr (sudah.mp3) at 14:52
31-12-2025 14:55:39 | ::1 | CLIENT | PLAY ADZAN Asr (adzan) at 14:52
31-12-2025 14:55:39 | ::1 | CLIENT | PLAY DOA setelah Asr (sudah.mp3) at 14:55
31-12-2025 17:43:05 | ::1 | CLIENT | PLAY ADZAN Maghrib (adzan) at 17:43
31-12-2025 17:43:05 | ::1 | CLIENT | PLAY DOA setelah Maghrib (sudah.mp3) at 17:43
31-12-2025 17:46:39 | ::1 | CLIENT | PLAY ADZAN Maghrib (adzan) at 17:43
31-12-2025 17:46:39 | ::1 | CLIENT | PLAY DOA setelah Maghrib (sudah.mp3) at 17:46
31-12-2025 19:00:05 | ::1 | CLIENT | PLAY ADZAN Isha (adzan) at 19:00
31-12-2025 19:00:05 | ::1 | CLIENT | PLAY DOA setelah Isha (sudah.mp3) at 19:00
31-12-2025 19:03:39 | ::1 | CLIENT | PLAY ADZAN Isha (adzan) at 19:00
31-12-2025 19:03:39 | ::1 | CLIENT | PLAY DOA setelah Isha (sudah.mp3) at 19:03
01-01-2026 03:42:05 | ::1 | CLIENT | PLAY SUBUH Fajr (adzan) at 03:42
01-01-2026 03:42:05 | ::1 | CLIENT | PLAY DOA setelah Fajr (sudah.mp3) at 03:42
01-01-2026 03:45:23 | ::1 | CLIENT | PLAY SUBUH Fajr (adzan) at 03:42
01-01-2026 03:45:23 | ::1 | CLIENT | PLAY DOA setelah Fajr (sudah.mp3) at 03:45
01-01-2026 11:26:05 | ::1 | CLIENT | PLAY ADZAN Dhuhr (adzan) at 11:26
01-01-2026 11:26:05 | ::1 | CLIENT | PLAY DOA setelah Dhuhr (sudah.mp3) at 11:26
01-01-2026 11:29:39 | ::1 | CLIENT | PLAY ADZAN Dhuhr (adzan) at 11:26
01-01-2026 11:29:39 | ::1 | CLIENT | PLAY DOA setelah Dhuhr (sudah.mp3) at 11:29
01-01-2026 14:53:05 | ::1 | CLIENT | PLAY ADZAN Asr (adzan) at 14:53
01-01-2026 14:53:05 | ::1 | CLIENT | PLAY DOA setelah Asr (sudah.mp3) at 14:53
01-01-2026 14:56:39 | ::1 | CLIENT | PLAY DOA setelah Asr (sudah.mp3) at 14:56
01-01-2026 14:56:39 | ::1 | CLIENT | PLAY ADZAN Asr (adzan) at 14:53
01-01-2026 17:44:05 | ::1 | CLIENT | PLAY ADZAN Maghrib (adzan) at 17:44
01-01-2026 17:44:05 | ::1 | CLIENT | PLAY DOA setelah Maghrib (sudah.mp3) at 17:44
01-01-2026 17:47:39 | ::1 | CLIENT | PLAY ADZAN Maghrib (adzan) at 17:44
01-01-2026 17:47:39 | ::1 | CLIENT | PLAY DOA setelah Maghrib (sudah.mp3) at 17:47
01-01-2026 19:01:08 | ::1 | CLIENT | PLAY DOA setelah Isha (sudah.mp3) at 19:01
01-01-2026 19:04:42 | ::1 | CLIENT | PLAY DOA setelah Isha (sudah.mp3) at 19:04
01-01-2026 19:04:42 | ::1 | CLIENT | PLAY ADZAN Isha (adzan) at 19:01
02-01-2026 03:43:08 | ::1 | CLIENT | PLAY SUBUH Fajr (adzan) at 03:43
02-01-2026 03:43:08 | ::1 | CLIENT | PLAY DOA setelah Fajr (sudah.mp3) at 03:43
02-01-2026 03:46:26 | ::1 | CLIENT | PLAY DOA setelah Fajr (sudah.mp3) at 03:46
02-01-2026 03:46:26 | ::1 | CLIENT | PLAY SUBUH Fajr (adzan) at 03:43
02-01-2026 11:26:08 | ::1 | CLIENT | PLAY ADZAN Dhuhr (adzan) at 11:26
02-01-2026 11:26:08 | ::1 | CLIENT | PLAY DOA setelah Dhuhr (sudah.mp3) at 11:26
02-01-2026 11:29:42 | ::1 | CLIENT | PLAY ADZAN Dhuhr (adzan) at 11:26
02-01-2026 11:29:42 | ::1 | CLIENT | PLAY DOA setelah Dhuhr (sudah.mp3) at 11:29
02-01-2026 14:53:08 | ::1 | CLIENT | PLAY ADZAN Asr (adzan) at 14:53
02-01-2026 14:53:08 | ::1 | CLIENT | PLAY DOA setelah Asr (sudah.mp3) at 14:53
02-01-2026 14:56:42 | ::1 | CLIENT | PLAY ADZAN Asr (adzan) at 14:53
02-01-2026 14:56:42 | ::1 | CLIENT | PLAY DOA setelah Asr (sudah.mp3) at 14:56
02-01-2026 17:44:08 | ::1 | CLIENT | PLAY ADZAN Maghrib (adzan) at 17:44
02-01-2026 17:44:08 | ::1 | CLIENT | PLAY DOA setelah Maghrib (sudah.mp3) at 17:44
02-01-2026 17:47:42 | ::1 | CLIENT | PLAY ADZAN Maghrib (adzan) at 17:44
02-01-2026 17:47:42 | ::1 | CLIENT | PLAY DOA setelah Maghrib (sudah.mp3) at 17:47
02-01-2026 19:01:08 | ::1 | CLIENT | PLAY ADZAN Isha (adzan) at 19:01
02-01-2026 19:01:08 | ::1 | CLIENT | PLAY DOA setelah Isha (sudah.mp3) at 19:01
02-01-2026 19:04:42 | ::1 | CLIENT | PLAY ADZAN Isha (adzan) at 19:01
02-01-2026 19:04:42 | ::1 | CLIENT | PLAY DOA setelah Isha (sudah.mp3) at 19:04
03-01-2026 03:43:08 | ::1 | CLIENT | PLAY SUBUH Fajr (adzan) at 03:43
03-01-2026 03:43:08 | ::1 | CLIENT | PLAY DOA setelah Fajr (sudah.mp3) at 03:43
03-01-2026 03:46:26 | ::1 | CLIENT | PLAY SUBUH Fajr (adzan) at 03:43
03-01-2026 03:46:26 | ::1 | CLIENT | PLAY DOA setelah Fajr (sudah.mp3) at 03:46
03-01-2026 11:27:08 | ::1 | CLIENT | PLAY ADZAN Dhuhr (adzan) at 11:27
03-01-2026 11:27:08 | ::1 | CLIENT | PLAY DOA setelah Dhuhr (sudah.mp3) at 11:27
03-01-2026 11:30:42 | ::1 | CLIENT | PLAY DOA setelah Dhuhr (sudah.mp3) at 11:30
03-01-2026 11:30:42 | ::1 | CLIENT | PLAY ADZAN Dhuhr (adzan) at 11:27
03-01-2026 14:53:08 | ::1 | CLIENT | PLAY ADZAN Asr (adzan) at 14:53
03-01-2026 14:53:08 | ::1 | CLIENT | PLAY DOA setelah Asr (sudah.mp3) at 14:53
03-01-2026 14:56:42 | ::1 | CLIENT | PLAY ADZAN Asr (adzan) at 14:53
03-01-2026 14:56:42 | ::1 | CLIENT | PLAY DOA setelah Asr (sudah.mp3) at 14:56
03-01-2026 17:45:08 | ::1 | CLIENT | PLAY ADZAN Maghrib (adzan) at 17:45
03-01-2026 17:45:08 | ::1 | CLIENT | PLAY DOA setelah Maghrib (sudah.mp3) at 17:45
03-01-2026 17:48:42 | ::1 | CLIENT | PLAY DOA setelah Maghrib (sudah.mp3) at 17:48
03-01-2026 17:48:42 | ::1 | CLIENT | PLAY ADZAN Maghrib (adzan) at 17:45
03-01-2026 19:01:06 | ::1 | CLIENT | PLAY DOA setelah Isha (sudah.mp3) at 19:01
03-01-2026 19:04:40 | ::1 | CLIENT | PLAY ADZAN Isha (adzan) at 19:01
03-01-2026 19:04:40 | ::1 | CLIENT | PLAY DOA setelah Isha (sudah.mp3) at 19:04
04-01-2026 03:44:06 | ::1 | CLIENT | PLAY SUBUH Fajr (adzan) at 03:44
04-01-2026 03:44:06 | ::1 | CLIENT | PLAY DOA setelah Fajr (sudah.mp3) at 03:44
04-01-2026 03:47:24 | ::1 | CLIENT | PLAY DOA setelah Fajr (sudah.mp3) at 03:47
04-01-2026 03:47:24 | ::1 | CLIENT | PLAY SUBUH Fajr (adzan) at 03:44
04-01-2026 11:27:06 | ::1 | CLIENT | PLAY ADZAN Dhuhr (adzan) at 11:27
04-01-2026 11:27:06 | ::1 | CLIENT | PLAY DOA setelah Dhuhr (sudah.mp3) at 11:27
04-01-2026 11:30:40 | ::1 | CLIENT | PLAY ADZAN Dhuhr (adzan) at 11:27
04-01-2026 11:30:40 | ::1 | CLIENT | PLAY DOA setelah Dhuhr (sudah.mp3) at 11:30
04-01-2026 14:54:06 | ::1 | CLIENT | PLAY ADZAN Asr (adzan) at 14:54
04-01-2026 14:54:06 | ::1 | CLIENT | PLAY DOA setelah Asr (sudah.mp3) at 14:54
04-01-2026 14:57:40 | ::1 | CLIENT | PLAY DOA setelah Asr (sudah.mp3) at 14:57
04-01-2026 14:57:40 | ::1 | CLIENT | PLAY ADZAN Asr (adzan) at 14:54
04-01-2026 17:45:06 | ::1 | CLIENT | PLAY ADZAN Maghrib (adzan) at 17:45
04-01-2026 17:45:06 | ::1 | CLIENT | PLAY DOA setelah Maghrib (sudah.mp3) at 17:45
04-01-2026 17:48:40 | ::1 | CLIENT | PLAY ADZAN Maghrib (adzan) at 17:45
04-01-2026 17:48:40 | ::1 | CLIENT | PLAY DOA setelah Maghrib (sudah.mp3) at 17:48
04-01-2026 19:02:06 | ::1 | CLIENT | PLAY DOA setelah Isha (sudah.mp3) at 19:02
04-01-2026 19:05:40 | ::1 | CLIENT | PLAY DOA setelah Isha (sudah.mp3) at 19:05
04-01-2026 19:05:40 | ::1 | CLIENT | PLAY ADZAN Isha (adzan) at 19:02
05-01-2026 03:45:06 | ::1 | CLIENT | PLAY SUBUH Fajr (adzan) at 03:45
05-01-2026 03:45:06 | ::1 | CLIENT | PLAY DOA setelah Fajr (sudah.mp3) at 03:45
05-01-2026 03:48:24 | ::1 | CLIENT | PLAY DOA setelah Fajr (sudah.mp3) at 03:48
05-01-2026 03:48:24 | ::1 | CLIENT | PLAY SUBUH Fajr (adzan) at 03:45
05-01-2026 11:28:06 | ::1 | CLIENT | PLAY ADZAN Dhuhr (adzan) at 11:28
05-01-2026 11:28:06 | ::1 | CLIENT | PLAY DOA setelah Dhuhr (sudah.mp3) at 11:28
05-01-2026 11:31:40 | ::1 | CLIENT | PLAY DOA setelah Dhuhr (sudah.mp3) at 11:31
05-01-2026 11:31:40 | ::1 | CLIENT | PLAY ADZAN Dhuhr (adzan) at 11:28
05-01-2026 14:54:06 | ::1 | CLIENT | PLAY ADZAN Asr (adzan) at 14:54
05-01-2026 14:54:06 | ::1 | CLIENT | PLAY DOA setelah Asr (sudah.mp3) at 14:54
05-01-2026 14:57:40 | ::1 | CLIENT | PLAY ADZAN Asr (adzan) at 14:54
05-01-2026 14:57:40 | ::1 | CLIENT | PLAY DOA setelah Asr (sudah.mp3) at 14:57
05-01-2026 17:45:06 | ::1 | CLIENT | PLAY ADZAN Maghrib (adzan) at 17:45
05-01-2026 17:45:06 | ::1 | CLIENT | PLAY DOA setelah Maghrib (sudah.mp3) at 17:45
05-01-2026 17:48:40 | ::1 | CLIENT | PLAY ADZAN Maghrib (adzan) at 17:45
05-01-2026 17:48:40 | ::1 | CLIENT | PLAY DOA setelah Maghrib (sudah.mp3) at 17:48
05-01-2026 19:02:09 | ::1 | CLIENT | PLAY DOA setelah Isha (sudah.mp3) at 19:02
05-01-2026 19:05:43 | ::1 | CLIENT | PLAY ADZAN Isha (adzan) at 19:02
05-01-2026 19:05:43 | ::1 | CLIENT | PLAY DOA setelah Isha (sudah.mp3) at 19:05
06-01-2026 03:45:09 | ::1 | CLIENT | PLAY SUBUH Fajr (adzan) at 03:45
06-01-2026 03:45:09 | ::1 | CLIENT | PLAY DOA setelah Fajr (sudah.mp3) at 03:45
06-01-2026 03:48:27 | ::1 | CLIENT | PLAY SUBUH Fajr (adzan) at 03:45
06-01-2026 03:48:27 | ::1 | CLIENT | PLAY DOA setelah Fajr (sudah.mp3) at 03:48
06-01-2026 11:28:09 | ::1 | CLIENT | PLAY ADZAN Dhuhr (adzan) at 11:28
06-01-2026 11:28:09 | ::1 | CLIENT | PLAY DOA setelah Dhuhr (sudah.mp3) at 11:28
06-01-2026 11:31:43 | ::1 | CLIENT | PLAY ADZAN Dhuhr (adzan) at 11:28
06-01-2026 11:31:43 | ::1 | CLIENT | PLAY DOA setelah Dhuhr (sudah.mp3) at 11:31
06-01-2026 14:54:09 | ::1 | CLIENT | PLAY ADZAN Asr (adzan) at 14:54
06-01-2026 14:54:09 | ::1 | CLIENT | PLAY DOA setelah Asr (sudah.mp3) at 14:54
06-01-2026 14:57:43 | ::1 | CLIENT | PLAY ADZAN Asr (adzan) at 14:54
06-01-2026 14:57:43 | ::1 | CLIENT | PLAY DOA setelah Asr (sudah.mp3) at 14:57
06-01-2026 17:46:09 | ::1 | CLIENT | PLAY ADZAN Maghrib (adzan) at 17:46
06-01-2026 17:46:09 | ::1 | CLIENT | PLAY DOA setelah Maghrib (sudah.mp3) at 17:46
06-01-2026 17:49:43 | ::1 | CLIENT | PLAY DOA setelah Maghrib (sudah.mp3) at 17:49
06-01-2026 17:49:43 | ::1 | CLIENT | PLAY ADZAN Maghrib (adzan) at 17:46
06-01-2026 19:02:09 | ::1 | CLIENT | PLAY DOA setelah Isha (sudah.mp3) at 19:02
06-01-2026 19:05:43 | ::1 | CLIENT | PLAY ADZAN Isha (adzan) at 19:02
06-01-2026 19:05:43 | ::1 | CLIENT | PLAY DOA setelah Isha (sudah.mp3) at 19:05
07-01-2026 03:46:09 | ::1 | CLIENT | PLAY DOA setelah Fajr (sudah.mp3) at 03:46
07-01-2026 03:46:09 | ::1 | CLIENT | PLAY SUBUH Fajr (adzan) at 03:46
07-01-2026 03:49:27 | ::1 | CLIENT | PLAY DOA setelah Fajr (sudah.mp3) at 03:49
07-01-2026 03:49:27 | ::1 | CLIENT | PLAY SUBUH Fajr (adzan) at 03:46
07-01-2026 11:29:09 | ::1 | CLIENT | PLAY ADZAN Dhuhr (adzan) at 11:29
07-01-2026 11:29:09 | ::1 | CLIENT | PLAY DOA setelah Dhuhr (sudah.mp3) at 11:29
07-01-2026 11:32:43 | ::1 | CLIENT | PLAY DOA setelah Dhuhr (sudah.mp3) at 11:32
07-01-2026 11:32:43 | ::1 | CLIENT | PLAY ADZAN Dhuhr (adzan) at 11:29
07-01-2026 14:55:09 | ::1 | CLIENT | PLAY ADZAN Asr (adzan) at 14:55
07-01-2026 14:55:09 | ::1 | CLIENT | PLAY DOA setelah Asr (sudah.mp3) at 14:55
07-01-2026 14:58:43 | ::1 | CLIENT | PLAY DOA setelah Asr (sudah.mp3) at 14:58
07-01-2026 14:58:43 | ::1 | CLIENT | PLAY ADZAN Asr (adzan) at 14:55
07-01-2026 17:46:09 | ::1 | CLIENT | PLAY ADZAN Maghrib (adzan) at 17:46
07-01-2026 17:46:09 | ::1 | CLIENT | PLAY DOA setelah Maghrib (sudah.mp3) at 17:46
07-01-2026 17:49:43 | ::1 | CLIENT | PLAY ADZAN Maghrib (adzan) at 17:46
07-01-2026 17:49:43 | ::1 | CLIENT | PLAY DOA setelah Maghrib (sudah.mp3) at 17:49
07-01-2026 19:02:07 | ::1 | CLIENT | PLAY ADZAN Isha (adzan) at 19:02
07-01-2026 19:02:07 | ::1 | CLIENT | PLAY DOA setelah Isha (sudah.mp3) at 19:02
07-01-2026 19:05:41 | ::1 | CLIENT | PLAY ADZAN Isha (adzan) at 19:02
07-01-2026 19:05:41 | ::1 | CLIENT | PLAY DOA setelah Isha (sudah.mp3) at 19:05
08-01-2026 03:46:07 | ::1 | CLIENT | PLAY SUBUH Fajr (adzan) at 03:46
08-01-2026 03:46:07 | ::1 | CLIENT | PLAY DOA setelah Fajr (sudah.mp3) at 03:46
08-01-2026 03:49:25 | ::1 | CLIENT | PLAY SUBUH Fajr (adzan) at 03:46
08-01-2026 03:49:25 | ::1 | CLIENT | PLAY DOA setelah Fajr (sudah.mp3) at 03:49
08-01-2026 11:29:07 | ::1 | CLIENT | PLAY ADZAN Dhuhr (adzan) at 11:29
08-01-2026 11:29:07 | ::1 | CLIENT | PLAY DOA setelah Dhuhr (sudah.mp3) at 11:29
08-01-2026 11:32:41 | ::1 | CLIENT | PLAY ADZAN Dhuhr (adzan) at 11:29
08-01-2026 11:32:41 | ::1 | CLIENT | PLAY DOA setelah Dhuhr (sudah.mp3) at 11:32
08-01-2026 14:55:07 | ::1 | CLIENT | PLAY ADZAN Asr (adzan) at 14:55
08-01-2026 14:55:07 | ::1 | CLIENT | PLAY DOA setelah Asr (sudah.mp3) at 14:55
08-01-2026 14:58:41 | ::1 | CLIENT | PLAY ADZAN Asr (adzan) at 14:55
08-01-2026 14:58:41 | ::1 | CLIENT | PLAY DOA setelah Asr (sudah.mp3) at 14:58
08-01-2026 17:46:07 | ::1 | CLIENT | PLAY ADZAN Maghrib (adzan) at 17:46
08-01-2026 17:46:07 | ::1 | CLIENT | PLAY DOA setelah Maghrib (sudah.mp3) at 17:46
08-01-2026 17:49:41 | ::1 | CLIENT | PLAY ADZAN Maghrib (adzan) at 17:46
08-01-2026 17:49:41 | ::1 | CLIENT | PLAY DOA setelah Maghrib (sudah.mp3) at 17:49
08-01-2026 19:03:07 | ::1 | CLIENT | PLAY DOA setelah Isha (sudah.mp3) at 19:03
08-01-2026 19:06:41 | ::1 | CLIENT | PLAY DOA setelah Isha (sudah.mp3) at 19:06
08-01-2026 19:06:41 | ::1 | CLIENT | PLAY ADZAN Isha (adzan) at 19:03
09-01-2026 03:47:07 | ::1 | CLIENT | PLAY SUBUH Fajr (adzan) at 03:47
09-01-2026 03:47:07 | ::1 | CLIENT | PLAY DOA setelah Fajr (sudah.mp3) at 03:47
09-01-2026 03:50:25 | ::1 | CLIENT | PLAY DOA setelah Fajr (sudah.mp3) at 03:50
09-01-2026 03:50:25 | ::1 | CLIENT | PLAY SUBUH Fajr (adzan) at 03:47
09-01-2026 11:30:07 | ::1 | CLIENT | PLAY DOA setelah Dhuhr (sudah.mp3) at 11:30
09-01-2026 11:30:07 | ::1 | CLIENT | PLAY ADZAN Dhuhr (adzan) at 11:30
09-01-2026 11:33:41 | ::1 | CLIENT | PLAY DOA setelah Dhuhr (sudah.mp3) at 11:33
09-01-2026 11:33:41 | ::1 | CLIENT | PLAY ADZAN Dhuhr (adzan) at 11:30
09-01-2026 14:55:07 | ::1 | CLIENT | PLAY ADZAN Asr (adzan) at 14:55
09-01-2026 14:55:07 | ::1 | CLIENT | PLAY DOA setelah Asr (sudah.mp3) at 14:55
09-01-2026 14:58:41 | ::1 | CLIENT | PLAY ADZAN Asr (adzan) at 14:55
09-01-2026 14:58:41 | ::1 | CLIENT | PLAY DOA setelah Asr (sudah.mp3) at 14:58
09-01-2026 17:47:07 | ::1 | CLIENT | PLAY ADZAN Maghrib (adzan) at 17:47
09-01-2026 17:47:07 | ::1 | CLIENT | PLAY DOA setelah Maghrib (sudah.mp3) at 17:47
09-01-2026 17:50:41 | ::1 | CLIENT | PLAY DOA setelah Maghrib (sudah.mp3) at 17:50
09-01-2026 17:50:41 | ::1 | CLIENT | PLAY ADZAN Maghrib (adzan) at 17:47
09-01-2026 19:03:05 | ::1 | CLIENT | PLAY DOA setelah Isha (sudah.mp3) at 19:03
09-01-2026 19:06:39 | ::1 | CLIENT | PLAY ADZAN Isha (adzan) at 19:03
09-01-2026 19:06:39 | ::1 | CLIENT | PLAY DOA setelah Isha (sudah.mp3) at 19:06
10-01-2026 03:48:05 | ::1 | CLIENT | PLAY SUBUH Fajr (adzan) at 03:48
10-01-2026 03:48:05 | ::1 | CLIENT | PLAY DOA setelah Fajr (sudah.mp3) at 03:48
10-01-2026 03:51:23 | ::1 | CLIENT | PLAY DOA setelah Fajr (sudah.mp3) at 03:51
10-01-2026 03:51:23 | ::1 | CLIENT | PLAY SUBUH Fajr (adzan) at 03:48
10-01-2026 11:30:05 | ::1 | CLIENT | PLAY ADZAN Dhuhr (adzan) at 11:30
10-01-2026 11:30:05 | ::1 | CLIENT | PLAY DOA setelah Dhuhr (sudah.mp3) at 11:30
10-01-2026 11:33:39 | ::1 | CLIENT | PLAY ADZAN Dhuhr (adzan) at 11:30
10-01-2026 11:33:39 | ::1 | CLIENT | PLAY DOA setelah Dhuhr (sudah.mp3) at 11:33
10-01-2026 14:55:05 | ::1 | CLIENT | PLAY ADZAN Asr (adzan) at 14:55
10-01-2026 14:55:05 | ::1 | CLIENT | PLAY DOA setelah Asr (sudah.mp3) at 14:55
10-01-2026 14:58:39 | ::1 | CLIENT | PLAY ADZAN Asr (adzan) at 14:55
at 14:58
10-01-2026 17:47:05 | ::1 | CLIENT | PLAY ADZAN Maghrib (adzan) at 17:47
10-01-2026 17:47:05 | ::1 | CLIENT | PLAY DOA setelah Maghrib (sudah.mp3) at 17:47
10-01-2026 17:50:39 | ::1 | CLIENT | PLAY ADZAN Maghrib (adzan) at 17:47
10-01-2026 17:50:39 | ::1 | CLIENT | PLAY DOA setelah Maghrib (sudah.mp3) at 17:50
10-01-2026 19:03:05 | ::1 | CLIENT | PLAY ADZAN Isha (adzan) at 19:03
10-01-2026 19:03:05 | ::1 | CLIENT | PLAY DOA setelah Isha (sudah.mp3) at 19:03
10-01-2026 19:06:39 | ::1 | CLIENT | PLAY ADZAN Isha (adzan) at 19:03
10-01-2026 19:06:39 | ::1 | CLIENT | PLAY DOA setelah Isha (sudah.mp3) at 19:06
11-01-2026 03:48:05 | ::1 | CLIENT | PLAY SUBUH Fajr (adzan) at 03:48
11-01-2026 03:48:05 | ::1 | CLIENT | PLAY DOA setelah Fajr (sudah.mp3) at 03:48
11-01-2026 03:51:23 | ::1 | CLIENT | PLAY SUBUH Fajr (adzan) at 03:48
11-01-2026 03:51:23 | ::1 | CLIENT | PLAY DOA setelah Fajr (sudah.mp3) at 03:51
11-01-2026 11:30:05 | ::1 | CLIENT | PLAY ADZAN Dhuhr (adzan) at 11:30
11-01-2026 11:30:05 | ::1 | CLIENT | PLAY DOA setelah Dhuhr (sudah.mp3) at 11:30
11-01-2026 11:33:39 | ::1 | CLIENT | PLAY ADZAN Dhuhr (adzan) at 11:30
11-01-2026 11:33:39 | ::1 | CLIENT | PLAY DOA setelah Dhuhr (sudah.mp3) at 11:33
11-01-2026 14:55:05 | ::1 | CLIENT | PLAY ADZAN Asr (adzan) at 14:55
11-01-2026 14:55:05 | ::1 | CLIENT | PLAY DOA setelah Asr (sudah.mp3) at 14:55
11-01-2026 14:58:39 | ::1 | CLIENT | PLAY ADZAN Asr (adzan) at 14:55
11-01-2026 14:58:39 | ::1 | CLIENT | PLAY DOA setelah Asr (sudah.mp3) at 14:58
11-01-2026 17:47:05 | ::1 | CLIENT | PLAY ADZAN Maghrib (adzan) at 17:47
11-01-2026 17:47:05 | ::1 | CLIENT | PLAY DOA setelah Maghrib (sudah.mp3) at 17:47
11-01-2026 17:50:39 | ::1 | CLIENT | PLAY ADZAN Maghrib (adzan) at 17:47
11-01-2026 17:50:39 | ::1 | CLIENT | PLAY DOA setelah Maghrib (sudah.mp3) at 17:50
11-01-2026 19:03:08 | ::1 | CLIENT | PLAY DOA setelah Isha (sudah.mp3) at 19:03
11-01-2026 19:06:42 | ::1 | CLIENT | PLAY ADZAN Isha (adzan) at 19:03
11-01-2026 19:06:42 | ::1 | CLIENT | PLAY DOA setelah Isha (sudah.mp3) at 19:06
12-01-2026 03:49:08 | ::1 | CLIENT | PLAY SUBUH Fajr (adzan) at 03:49
12-01-2026 03:49:08 | ::1 | CLIENT | PLAY DOA setelah Fajr (sudah.mp3) at 03:49
12-01-2026 03:52:26 | ::1 | CLIENT | PLAY DOA setelah Fajr (sudah.mp3) at 03:52
12-01-2026 03:52:26 | ::1 | CLIENT | PLAY SUBUH Fajr (adzan) at 03:49
12-01-2026 11:31:08 | ::1 | CLIENT | PLAY ADZAN Dhuhr (adzan) at 11:31
12-01-2026 11:31:08 | ::1 | CLIENT | PLAY DOA setelah Dhuhr (sudah.mp3) at 11:31
12-01-2026 11:34:42 | ::1 | CLIENT | PLAY DOA setelah Dhuhr (sudah.mp3) at 11:34
12-01-2026 11:34:42 | ::1 | CLIENT | PLAY ADZAN Dhuhr (adzan) at 11:31
12-01-2026 14:56:08 | ::1 | CLIENT | PLAY ADZAN Asr (adzan) at 14:56
12-01-2026 14:56:08 | ::1 | CLIENT | PLAY DOA setelah Asr (sudah.mp3) at 14:56
12-01-2026 14:59:42 | ::1 | CLIENT | PLAY DOA setelah Asr (sudah.mp3) at 14:59
12-01-2026 14:59:42 | ::1 | CLIENT | PLAY ADZAN Asr (adzan) at 14:56
12-01-2026 17:48:08 | ::1 | CLIENT | PLAY ADZAN Maghrib (adzan) at 17:48
12-01-2026 17:48:08 | ::1 | CLIENT | PLAY DOA setelah Maghrib (sudah.mp3) at 17:48
12-01-2026 17:51:42 | ::1 | CLIENT | PLAY DOA setelah Maghrib (sudah.mp3) at 17:51
12-01-2026 17:51:42 | ::1 | CLIENT | PLAY ADZAN Maghrib (adzan) at 17:48
12-01-2026 19:03:08 | ::1 | CLIENT | PLAY ADZAN Isha (adzan) at 19:03
12-01-2026 19:03:08 | ::1 | CLIENT | PLAY DOA setelah Isha (sudah.mp3) at 19:03
12-01-2026 19:06:42 | ::1 | CLIENT | PLAY ADZAN Isha (adzan) at 19:03
12-01-2026 19:06:42 | ::1 | CLIENT | PLAY DOA setelah Isha (sudah.mp3) at 19:06
13-01-2026 03:50:08 | ::1 | CLIENT | PLAY SUBUH Fajr (adzan) at 03:50
13-01-2026 03:50:08 | ::1 | CLIENT | PLAY DOA setelah Fajr (sudah.mp3) at 03:50
13-01-2026 03:53:26 | ::1 | CLIENT | PLAY DOA setelah Fajr (sudah.mp3) at 03:53
13-01-2026 03:53:26 | ::1 | CLIENT | PLAY SUBUH Fajr (adzan) at 03:50
13-01-2026 11:31:08 | ::1 | CLIENT | PLAY ADZAN Dhuhr (adzan) at 11:31
13-01-2026 11:31:08 | ::1 | CLIENT | PLAY DOA setelah Dhuhr (sudah.mp3) at 11:31
13-01-2026 11:34:42 | ::1 | CLIENT | PLAY ADZAN Dhuhr (adzan) at 11:31
13-01-2026 11:34:42 | ::1 | CLIENT | PLAY DOA setelah Dhuhr (sudah.mp3) at 11:34
13-01-2026 14:56:08 | ::1 | CLIENT | PLAY ADZAN Asr (adzan) at 14:56
13-01-2026 14:56:08 | ::1 | CLIENT | PLAY DOA setelah Asr (sudah.mp3) at 14:56
13-01-2026 14:59:42 | ::1 | CLIENT | PLAY ADZAN Asr (adzan) at 14:56
13-01-2026 14:59:42 | ::1 | CLIENT | PLAY DOA setelah Asr (sudah.mp3) at 14:59
13-01-2026 17:48:08 | ::1 | CLIENT | PLAY ADZAN Maghrib (adzan) at 17:48
13-01-2026 17:48:08 | ::1 | CLIENT | PLAY DOA setelah Maghrib (sudah.mp3) at 17:48
13-01-2026 17:51:42 | ::1 | CLIENT | PLAY ADZAN Maghrib (adzan) at 17:48
13-01-2026 17:51:42 | ::1 | CLIENT | PLAY DOA setelah Maghrib (sudah.mp3) at 17:51
13-01-2026 19:04:06 | ::1 | CLIENT | PLAY DOA setelah Isha (sudah.mp3) at 19:04
13-01-2026 19:07:40 | ::1 | CLIENT | PLAY DOA setelah Isha (sudah.mp3) at 19:07
13-01-2026 19:07:40 | ::1 | CLIENT | PLAY ADZAN Isha (adzan) at 19:04
14-01-2026 03:50:06 | ::1 | CLIENT | PLAY SUBUH Fajr (adzan) at 03:50
14-01-2026 03:50:06 | ::1 | CLIENT | PLAY DOA setelah Fajr (sudah.mp3) at 03:50
14-01-2026 03:53:24 | ::1 | CLIENT | PLAY SUBUH Fajr (adzan) at 03:50
14-01-2026 03:53:24 | ::1 | CLIENT | PLAY DOA setelah Fajr (sudah.mp3) at 03:53
14-01-2026 11:32:06 | ::1 | CLIENT | PLAY ADZAN Dhuhr (adzan) at 11:32
14-01-2026 11:32:06 | ::1 | CLIENT | PLAY DOA setelah Dhuhr (sudah.mp3) at 11:32
14-01-2026 11:35:40 | ::1 | CLIENT | PLAY DOA setelah Dhuhr (sudah.mp3) at 11:35
14-01-2026 11:35:40 | ::1 | CLIENT | PLAY ADZAN Dhuhr (adzan) at 11:32
14-01-2026 14:56:06 | ::1 | CLIENT | PLAY ADZAN Asr (adzan) at 14:56
14-01-2026 14:56:06 | ::1 | CLIENT | PLAY DOA setelah Asr (sudah.mp3) at 14:56
14-01-2026 14:59:40 | ::1 | CLIENT | PLAY ADZAN Asr (adzan) at 14:56
14-01-2026 14:59:40 | ::1 | CLIENT | PLAY DOA setelah Asr (sudah.mp3) at 14:59
14-01-2026 17:48:06 | ::1 | CLIENT | PLAY DOA setelah Maghrib (sudah.mp3) at 17:48
14-01-2026 17:48:06 | ::1 | CLIENT | PLAY ADZAN Maghrib (adzan) at 17:48
14-01-2026 17:51:40 | ::1 | CLIENT | PLAY ADZAN Maghrib (adzan) at 17:48
14-01-2026 17:51:40 | ::1 | CLIENT | PLAY DOA setelah Maghrib (sudah.mp3) at 17:51
14-01-2026 19:04:06 | ::1 | CLIENT | PLAY DOA setelah Isha (sudah.mp3) at 19:04
14-01-2026 19:07:40 | ::1 | CLIENT | PLAY ADZAN Isha (adzan) at 19:04
14-01-2026 19:07:40 | ::1 | CLIENT | PLAY DOA setelah Isha (sudah.mp3) at 19:07
15-01-2026 03:51:06 | ::1 | CLIENT | PLAY SUBUH Fajr (adzan) at 03:51
15-01-2026 03:51:06 | ::1 | CLIENT | PLAY DOA setelah Fajr (sudah.mp3) at 03:51
15-01-2026 03:54:24 | ::1 | CLIENT | PLAY DOA setelah Fajr (sudah.mp3) at 03:54
15-01-2026 03:54:24 | ::1 | CLIENT | PLAY SUBUH Fajr (adzan) at 03:51
15-01-2026 11:32:06 | ::1 | CLIENT | PLAY DOA setelah Dhuhr (sudah.mp3) at 11:32
15-01-2026 11:35:40 | ::1 | CLIENT | PLAY DOA setelah Dhuhr (sudah.mp3) at 11:35
15-01-2026 14:56:06 | ::1 | CLIENT | PLAY ADZAN Asr (adzan) at 14:56
15-01-2026 14:56:06 | ::1 | CLIENT | PLAY DOA setelah Asr (sudah.mp3) at 14:56
15-01-2026 14:59:40 | ::1 | CLIENT | PLAY ADZAN Asr (adzan) at 14:56
15-01-2026 14:59:40 | ::1 | CLIENT | PLAY DOA setelah Asr (sudah.mp3) at 14:59
15-01-2026 17:48:06 | ::1 | CLIENT | PLAY ADZAN Maghrib (adzan) at 17:48
15-01-2026 17:48:06 | ::1 | CLIENT | PLAY DOA setelah Maghrib (sudah.mp3) at 17:48
15-01-2026 17:51:40 | ::1 | CLIENT | PLAY ADZAN Maghrib (adzan) at 17:48
15-01-2026 17:51:40 | ::1 | CLIENT | PLAY DOA setelah Maghrib (sudah.mp3) at 17:51
15-01-2026 19:04:09 | ::1 | CLIENT | PLAY ADZAN Isha (adzan) at 19:04
15-01-2026 19:04:09 | ::1 | CLIENT | PLAY DOA setelah Isha (sudah.mp3) at 19:04
15-01-2026 19:07:43 | ::1 | CLIENT | PLAY ADZAN Isha (adzan) at 19:04
at 19:07
16-01-2026 03:51:09 | ::1 | CLIENT | PLAY SUBUH Fajr (adzan) at 03:51
16-01-2026 03:51:09 | ::1 | CLIENT | PLAY DOA setelah Fajr (sudah.mp3) at 03:51
16-01-2026 03:54:27 | ::1 | CLIENT | PLAY SUBUH Fajr (adzan) at 03:51
16-01-2026 03:54:27 | ::1 | CLIENT | PLAY DOA setelah Fajr (sudah.mp3) at 03:54
16-01-2026 11:32:09 | ::1 | CLIENT | PLAY ADZAN Dhuhr (adzan) at 11:32
16-01-2026 11:32:09 | ::1 | CLIENT | PLAY DOA setelah Dhuhr (sudah.mp3) at 11:32
16-01-2026 11:35:43 | ::1 | CLIENT | PLAY ADZAN Dhuhr (adzan) at 11:32
16-01-2026 11:35:43 | ::1 | CLIENT | PLAY DOA setelah Dhuhr (sudah.mp3) at 11:35
16-01-2026 14:56:09 | ::1 | CLIENT | PLAY ADZAN Asr (adzan) at 14:56
16-01-2026 14:56:09 | ::1 | CLIENT | PLAY DOA setelah Asr (sudah.mp3) at 14:56
16-01-2026 14:59:43 | ::1 | CLIENT | PLAY ADZAN Asr (adzan) at 14:56
16-01-2026 14:59:43 | ::1 | CLIENT | PLAY DOA setelah Asr (sudah.mp3) at 14:59
16-01-2026 17:49:09 | ::1 | CLIENT | PLAY ADZAN Maghrib (adzan) at 17:49
16-01-2026 17:49:09 | ::1 | CLIENT | PLAY DOA setelah Maghrib (sudah.mp3) at 17:49
16-01-2026 17:52:43 | ::1 | CLIENT | PLAY DOA setelah Maghrib (sudah.mp3) at 17:52
16-01-2026 17:52:43 | ::1 | CLIENT | PLAY ADZAN Maghrib (adzan) at 17:49
16-01-2026 19:04:09 | ::1 | CLIENT | PLAY DOA setelah Isha (sudah.mp3) at 19:04
16-01-2026 19:07:44 | ::1 | CLIENT | PLAY ADZAN Isha (adzan) at 19:04
16-01-2026 19:07:44 | ::1 | CLIENT | PLAY DOA setelah Isha (sudah.mp3) at 19:07
17-01-2026 03:52:09 | ::1 | CLIENT | PLAY SUBUH Fajr (adzan) at 03:52
17-01-2026 03:52:09 | ::1 | CLIENT | PLAY DOA setelah Fajr (sudah.mp3) at 03:52
17-01-2026 03:55:27 | ::1 | CLIENT | PLAY DOA setelah Fajr (sudah.mp3) at 03:55
17-01-2026 03:55:27 | ::1 | CLIENT | PLAY SUBUH Fajr (adzan) at 03:52
17-01-2026 11:33:09 | ::1 | CLIENT | PLAY ADZAN Dhuhr (adzan) at 11:33
17-01-2026 11:33:09 | ::1 | CLIENT | PLAY DOA setelah Dhuhr (sudah.mp3) at 11:33
17-01-2026 11:36:43 | ::1 | CLIENT | PLAY DOA setelah Dhuhr (sudah.mp3) at 11:36
17-01-2026 11:36:43 | ::1 | CLIENT | PLAY ADZAN Dhuhr (adzan) at 11:33
17-01-2026 14:56:09 | ::1 | CLIENT | PLAY ADZAN Asr (adzan) at 14:56
17-01-2026 14:56:09 | ::1 | CLIENT | PLAY DOA setelah Asr (sudah.mp3) at 14:56
17-01-2026 14:59:43 | ::1 | CLIENT | PLAY ADZAN Asr (adzan) at 14:56
17-01-2026 14:59:43 | ::1 | CLIENT | PLAY DOA setelah Asr (sudah.mp3) at 14:59
17-01-2026 17:49:09 | ::1 | CLIENT | PLAY ADZAN Maghrib (adzan) at 17:49
17-01-2026 17:49:09 | ::1 | CLIENT | PLAY DOA setelah Maghrib (sudah.mp3) at 17:49
17-01-2026 17:52:43 | ::1 | CLIENT | PLAY ADZAN Maghrib (adzan) at 17:49
17-01-2026 17:52:43 | ::1 | CLIENT | PLAY DOA setelah Maghrib (sudah.mp3) at 17:52
17-01-2026 19:04:07 | ::1 | CLIENT | PLAY ADZAN Isha (adzan) at 19:04
17-01-2026 19:04:07 | ::1 | CLIENT | PLAY DOA setelah Isha (sudah.mp3) at 19:04
17-01-2026 19:07:42 | ::1 | CLIENT | PLAY ADZAN Isha (adzan) at 19:04
17-01-2026 19:07:42 | ::1 | CLIENT | PLAY DOA setelah Isha (sudah.mp3) at 19:07
18-01-2026 03:53:07 | ::1 | CLIENT | PLAY SUBUH Fajr (adzan) at 03:53
18-01-2026 03:53:07 | ::1 | CLIENT | PLAY DOA setelah Fajr (sudah.mp3) at 03:53
18-01-2026 03:56:26 | ::1 | CLIENT | PLAY DOA setelah Fajr (sudah.mp3) at 03:56
18-01-2026 03:56:26 | ::1 | CLIENT | PLAY SUBUH Fajr (adzan) at 03:53
18-01-2026 11:33:07 | ::1 | CLIENT | PLAY DOA setelah Dhuhr (sudah.mp3) at 11:33
18-01-2026 11:33:07 | ::1 | CLIENT | PLAY ADZAN Dhuhr (adzan) at 11:33
18-01-2026 11:36:42 | ::1 | CLIENT | PLAY DOA setelah Dhuhr (sudah.mp3) at 11:36
18-01-2026 11:36:42 | ::1 | CLIENT | PLAY ADZAN Dhuhr (adzan) at 11:33
18-01-2026 14:56:07 | ::1 | CLIENT | PLAY ADZAN Asr (adzan) at 14:56
18-01-2026 14:56:07 | ::1 | CLIENT | PLAY DOA setelah Asr (sudah.mp3) at 14:56
18-01-2026 14:59:42 | ::1 | CLIENT | PLAY ADZAN Asr (adzan) at 14:56
18-01-2026 14:59:42 | ::1 | CLIENT | PLAY DOA setelah Asr (sudah.mp3) at 14:59
18-01-2026 17:49:07 | ::1 | CLIENT | PLAY ADZAN Maghrib (adzan) at 17:49
18-01-2026 17:49:07 | ::1 | CLIENT | PLAY DOA setelah Maghrib (sudah.mp3) at 17:49
18-01-2026 17:52:42 | ::1 | CLIENT | PLAY ADZAN Maghrib (adzan) at 17:49
18-01-2026 17:52:42 | ::1 | CLIENT | PLAY DOA setelah Maghrib (sudah.mp3) at 17:52
18-01-2026 19:04:07 | ::1 | CLIENT | PLAY DOA setelah Isha (sudah.mp3) at 19:04
18-01-2026 19:07:42 | ::1 | CLIENT | PLAY ADZAN Isha (adzan) at 19:04
18-01-2026 19:07:42 | ::1 | CLIENT | PLAY DOA setelah Isha (sudah.mp3) at 19:07
19-01-2026 03:53:07 | ::1 | CLIENT | PLAY SUBUH Fajr (adzan) at 03:53
19-01-2026 03:53:07 | ::1 | CLIENT | PLAY DOA setelah Fajr (sudah.mp3) at 03:53
19-01-2026 03:56:26 | ::1 | CLIENT | PLAY SUBUH Fajr (adzan) at 03:53
19-01-2026 03:56:26 | ::1 | CLIENT | PLAY DOA setelah Fajr (sudah.mp3) at 03:56
19-01-2026 11:33:07 | ::1 | CLIENT | PLAY ADZAN Dhuhr (adzan) at 11:33
19-01-2026 11:33:07 | ::1 | CLIENT | PLAY DOA setelah Dhuhr (sudah.mp3) at 11:33
19-01-2026 11:36:42 | ::1 | CLIENT | PLAY ADZAN Dhuhr (adzan) at 11:33
19-01-2026 11:36:42 | ::1 | CLIENT | PLAY DOA setelah Dhuhr (sudah.mp3) at 11:36
19-01-2026 14:56:07 | ::1 | CLIENT | PLAY ADZAN Asr (adzan) at 14:56
19-01-2026 14:56:07 | ::1 | CLIENT | PLAY DOA setelah Asr (sudah.mp3) at 14:56
19-01-2026 14:59:42 | ::1 | CLIENT | PLAY ADZAN Asr (adzan) at 14:56
19-01-2026 14:59:42 | ::1 | CLIENT | PLAY DOA setelah Asr (sudah.mp3) at 14:59
19-01-2026 17:49:07 | ::1 | CLIENT | PLAY ADZAN Maghrib (adzan) at 17:49
19-01-2026 17:49:07 | ::1 | CLIENT | PLAY DOA setelah Maghrib (sudah.mp3) at 17:49
19-01-2026 17:52:42 | ::1 | CLIENT | PLAY ADZAN Maghrib (adzan) at 17:49
19-01-2026 17:52:42 | ::1 | CLIENT | PLAY DOA setelah Maghrib (sudah.mp3) at 17:52
19-01-2026 19:04:05 | ::1 | CLIENT | PLAY ADZAN Isha (adzan) at 19:04
19-01-2026 19:04:05 | ::1 | CLIENT | PLAY DOA setelah Isha (sudah.mp3) at 19:04
19-01-2026 19:07:40 | ::1 | CLIENT | PLAY ADZAN Isha (adzan) at 19:04
19-01-2026 19:07:40 | ::1 | CLIENT | PLAY DOA setelah Isha (sudah.mp3) at 19:07
20-01-2026 03:54:05 | ::1 | CLIENT | PLAY SUBUH Fajr (adzan) at 03:54
20-01-2026 03:54:05 | ::1 | CLIENT | PLAY DOA setelah Fajr (sudah.mp3) at 03:54
20-01-2026 03:57:24 | ::1 | CLIENT | PLAY DOA setelah Fajr (sudah.mp3) at 03:57
20-01-2026 03:57:24 | ::1 | CLIENT | PLAY SUBUH Fajr (adzan) at 03:54
20-01-2026 11:34:05 | ::1 | CLIENT | PLAY DOA setelah Dhuhr (sudah.mp3) at 11:34
20-01-2026 11:34:05 | ::1 | CLIENT | PLAY ADZAN Dhuhr (adzan) at 11:34
20-01-2026 11:37:40 | ::1 | CLIENT | PLAY DOA setelah Dhuhr (sudah.mp3) at 11:37
20-01-2026 11:37:40 | ::1 | CLIENT | PLAY ADZAN Dhuhr (adzan) at 11:34
20-01-2026 14:56:05 | ::1 | CLIENT | PLAY ADZAN Asr (adzan) at 14:56
20-01-2026 14:56:05 | ::1 | CLIENT | PLAY DOA setelah Asr (sudah.mp3) at 14:56
20-01-2026 14:59:40 | ::1 | CLIENT | PLAY ADZAN Asr (adzan) at 14:56
20-01-2026 14:59:40 | ::1 | CLIENT | PLAY DOA setelah Asr (sudah.mp3) at 14:59
20-01-2026 17:49:05 | ::1 | CLIENT | PLAY ADZAN Maghrib (adzan) at 17:49
20-01-2026 17:49:05 | ::1 | CLIENT | PLAY DOA setelah Maghrib (sudah.mp3) at 17:49
20-01-2026 17:52:40 | ::1 | CLIENT | PLAY ADZAN Maghrib (adzan) at 17:49
20-01-2026 17:52:40 | ::1 | CLIENT | PLAY DOA setelah Maghrib (sudah.mp3) at 17:52
20-01-2026 19:04:05 | ::1 | CLIENT | PLAY DOA setelah Isha (sudah.mp3) at 19:04
20-01-2026 19:07:40 | ::1 | CLIENT | PLAY ADZAN Isha (adzan) at 19:04
20-01-2026 19:07:40 | ::1 | CLIENT | PLAY DOA setelah Isha (sudah.mp3) at 19:07
20-02-2026 11:36:09 | ::1 | CLIENT | PLAY ADZAN Dhuhr (adzan) at 11:36
at 11:36
20-02-2026 11:39:43 | ::1 | CLIENT | PLAY DOA setelah Dhuhr (sudah.mp3) at 11:39
20-02-2026 11:39:43 | ::1 | CLIENT | PLAY ADZAN Dhuhr (adzan) at 11:36
20-02-2026 14:43:09 | ::1 | CLIENT | PLAY ADZAN Asr (adzan) at 14:43
20-02-2026 14:43:09 | ::1 | CLIENT | PLAY DOA setelah Asr (sudah.mp3) at 14:43
20-02-2026 14:46:43 | ::1 | CLIENT | PLAY DOA setelah Asr (sudah.mp3) at 14:46
20-02-2026 14:46:43 | ::1 | CLIENT | PLAY ADZAN Asr (adzan) at 14:43
20-02-2026 17:46:09 | ::1 | CLIENT | PLAY ADZAN Maghrib (adzan) at 17:46
20-02-2026 17:46:09 | ::1 | CLIENT | PLAY DOA setelah Maghrib (sudah.mp3) at 17:46
20-02-2026 17:49:43 | ::1 | CLIENT | PLAY DOA setelah Maghrib (sudah.mp3) at 17:49
20-02-2026 17:49:43 | ::1 | CLIENT | PLAY ADZAN Maghrib (adzan) at 17:46
20-02-2026 18:57:09 | ::1 | CLIENT | PLAY ADZAN Isha (adzan) at 18:57
20-02-2026 18:57:09 | ::1 | CLIENT | PLAY DOA setelah Isha (sudah.mp3) at 18:57
20-02-2026 19:00:43 | ::1 | CLIENT | PLAY DOA setelah Isha (sudah.mp3) at 19:00
20-02-2026 19:00:43 | ::1 | CLIENT | PLAY ADZAN Isha (adzan) at 18:57
21-02-2026 04:07:07 | ::1 | CLIENT | PLAY DOA setelah Fajr (sudah.mp3) at 04:07
21-02-2026 04:07:07 | ::1 | CLIENT | PLAY SUBUH Fajr (adzan) at 04:07
21-02-2026 04:10:25 | ::1 | CLIENT | PLAY DOA setelah Fajr (sudah.mp3) at 04:10
21-02-2026 04:10:25 | ::1 | CLIENT | PLAY SUBUH Fajr (adzan) at 04:07
21-02-2026 11:36:07 | ::1 | CLIENT | PLAY ADZAN Dhuhr (adzan) at 11:36
21-02-2026 11:36:07 | ::1 | CLIENT | PLAY DOA setelah Dhuhr (sudah.mp3) at 11:36
21-02-2026 11:39:41 | ::1 | CLIENT | PLAY ADZAN Dhuhr (adzan) at 11:36
21-02-2026 11:39:41 | ::1 | CLIENT | PLAY DOA setelah Dhuhr (sudah.mp3) at 11:39
21-02-2026 14:42:07 | ::1 | CLIENT | PLAY ADZAN Asr (adzan) at 14:42
at 14:42
21-02-2026 14:45:41 | ::1 | CLIENT | PLAY DOA setelah Asr (sudah.mp3) at 14:45
21-02-2026 14:45:41 | ::1 | CLIENT | PLAY ADZAN Asr (adzan) at 14:42
21-02-2026 17:46:07 | ::1 | CLIENT | PLAY ADZAN Maghrib (adzan) at 17:46
21-02-2026 17:46:07 | ::1 | CLIENT | PLAY DOA setelah Maghrib (sudah.mp3) at 17:46
21-02-2026 17:49:41 | ::1 | CLIENT | PLAY ADZAN Maghrib (adzan) at 17:46
21-02-2026 17:49:41 | ::1 | CLIENT | PLAY DOA setelah Maghrib (sudah.mp3) at 17:49
21-02-2026 18:57:07 | ::1 | CLIENT | PLAY ADZAN Isha (adzan) at 18:57
21-02-2026 18:57:07 | ::1 | CLIENT | PLAY DOA setelah Isha (sudah.mp3) at 18:57
21-02-2026 19:00:41 | ::1 | CLIENT | PLAY ADZAN Isha (adzan) at 18:57
21-02-2026 19:00:41 | ::1 | CLIENT | PLAY DOA setelah Isha (sudah.mp3) at 19:00
22-02-2026 04:07:07 | ::1 | CLIENT | PLAY SUBUH Fajr (adzan) at 04:07
22-02-2026 04:07:07 | ::1 | CLIENT | PLAY DOA setelah Fajr (sudah.mp3) at 04:07
22-02-2026 04:10:25 | ::1 | CLIENT | PLAY SUBUH Fajr (adzan) at 04:07
22-02-2026 04:10:25 | ::1 | CLIENT | PLAY DOA setelah Fajr (sudah.mp3) at 04:10
22-02-2026 11:36:07 | ::1 | CLIENT | PLAY ADZAN Dhuhr (adzan) at 11:36
22-02-2026 11:36:07 | ::1 | CLIENT | PLAY DOA setelah Dhuhr (sudah.mp3) at 11:36
22-02-2026 11:39:41 | ::1 | CLIENT | PLAY ADZAN Dhuhr (adzan) at 11:36
22-02-2026 11:39:41 | ::1 | CLIENT | PLAY DOA setelah Dhuhr (sudah.mp3) at 11:39
22-02-2026 14:42:07 | ::1 | CLIENT | PLAY ADZAN Asr (adzan) at 14:42
22-02-2026 14:42:07 | ::1 | CLIENT | PLAY DOA setelah Asr (sudah.mp3) at 14:42
22-02-2026 14:45:41 | ::1 | CLIENT | PLAY ADZAN Asr (adzan) at 14:42
22-02-2026 14:45:41 | ::1 | CLIENT | PLAY DOA setelah Asr (sudah.mp3) at 14:45
22-02-2026 17:45:07 | ::1 | CLIENT | PLAY ADZAN Maghrib (adzan) at 17:45
22-02-2026 17:45:07 | ::1 | CLIENT | PLAY DOA setelah Maghrib (sudah.mp3) at 17:45
22-02-2026 17:48:41 | ::1 | CLIENT | PLAY DOA setelah Maghrib (sudah.mp3) at 17:48
22-02-2026 17:48:41 | ::1 | CLIENT | PLAY ADZAN Maghrib (adzan) at 17:45
23-02-2026 11:07:32 | ::1 | CLIENT | TEST adzan.mp3
23-02-2026 11:36:08 | ::1 | CLIENT | PLAY ADZAN Dhuhr (adzan) at 11:36
23-02-2026 11:36:08 | ::1 | CLIENT | PLAY DOA setelah Dhuhr (sudah.mp3) at 11:36
23-02-2026 11:39:42 | ::1 | CLIENT | PLAY DOA setelah Dhuhr (sudah.mp3) at 11:39
23-02-2026 11:39:42 | ::1 | CLIENT | PLAY ADZAN Dhuhr (adzan) at 11:36
23-02-2026 14:40:08 | ::1 | CLIENT | PLAY ADZAN Asr (adzan) at 14:40
23-02-2026 14:40:08 | ::1 | CLIENT | PLAY DOA setelah Asr (sudah.mp3) at 14:40
23-02-2026 14:43:42 | ::1 | CLIENT | PLAY DOA setelah Asr (sudah.mp3) at 14:43
23-02-2026 14:43:42 | ::1 | CLIENT | PLAY ADZAN Asr (adzan) at 14:40
23-02-2026 17:45:08 | ::1 | CLIENT | PLAY ADZAN Maghrib (adzan) at 17:45
23-02-2026 17:45:08 | ::1 | CLIENT | PLAY DOA setelah Maghrib (sudah.mp3) at 17:45
23-02-2026 17:48:42 | ::1 | CLIENT | PLAY DOA setelah Maghrib (sudah.mp3) at 17:48
23-02-2026 17:48:42 | ::1 | CLIENT | PLAY ADZAN Maghrib (adzan) at 17:45
23-02-2026 18:56:08 | ::1 | CLIENT | PLAY ADZAN Isha (adzan) at 18:56
23-02-2026 18:56:08 | ::1 | CLIENT | PLAY DOA setelah Isha (sudah.mp3) at 18:56
23-02-2026 18:59:42 | ::1 | CLIENT | PLAY DOA setelah Isha (sudah.mp3) at 18:59
23-02-2026 18:59:42 | ::1 | CLIENT | PLAY ADZAN Isha (adzan) at 18:56
24-02-2026 04:08:08 | ::1 | CLIENT | PLAY DOA setelah Fajr (sudah.mp3) at 04:08
24-02-2026 04:08:08 | ::1 | CLIENT | PLAY SUBUH Fajr (adzan) at 04:08
24-02-2026 04:11:26 | ::1 | CLIENT | PLAY DOA setelah Fajr (sudah.mp3) at 04:11
24-02-2026 04:11:26 | ::1 | CLIENT | PLAY SUBUH Fajr (adzan) at 04:08
24-02-2026 11:36:08 | ::1 | CLIENT | PLAY ADZAN Dhuhr (adzan) at 11:36
24-02-2026 11:36:08 | ::1 | CLIENT | PLAY DOA setelah Dhuhr (sudah.mp3) at 11:36
24-02-2026 11:39:42 | ::1 | CLIENT | PLAY ADZAN Dhuhr (adzan) at 11:36
24-02-2026 11:39:42 | ::1 | CLIENT | PLAY DOA setelah Dhuhr (sudah.mp3) at 11:39
24-02-2026 14:40:08 | ::1 | CLIENT | PLAY ADZAN Asr (adzan) at 14:40
24-02-2026 14:40:08 | ::1 | CLIENT | PLAY DOA setelah Asr (sudah.mp3) at 14:40
24-02-2026 14:43:42 | ::1 | CLIENT | PLAY ADZAN Asr (adzan) at 14:40
24-02-2026 14:43:42 | ::1 | CLIENT | PLAY DOA setelah Asr (sudah.mp3) at 14:43
24-02-2026 17:45:08 | ::1 | CLIENT | PLAY ADZAN Maghrib (adzan) at 17:45
24-02-2026 17:45:08 | ::1 | CLIENT | PLAY DOA setelah Maghrib (sudah.mp3) at 17:45
24-02-2026 17:48:42 | ::1 | CLIENT | PLAY ADZAN Maghrib (adzan) at 17:45
24-02-2026 17:48:42 | ::1 | CLIENT | PLAY DOA setelah Maghrib (sudah.mp3) at 17:48
24-02-2026 18:55:08 | ::1 | CLIENT | PLAY ADZAN Isha (adzan) at 18:55
24-02-2026 18:55:08 | ::1 | CLIENT | PLAY DOA setelah Isha (sudah.mp3) at 18:55
24-02-2026 18:58:42 | ::1 | CLIENT | PLAY DOA setelah Isha (sudah.mp3) at 18:58
24-02-2026 18:58:42 | ::1 | CLIENT | PLAY ADZAN Isha (adzan) at 18:55
25-02-2026 04:08:07 | ::1 | CLIENT | PLAY SUBUH Fajr (adzan) at 04:08
25-02-2026 04:08:07 | ::1 | CLIENT | PLAY DOA setelah Fajr (sudah.mp3) at 04:08
25-02-2026 04:11:25 | ::1 | CLIENT | PLAY SUBUH Fajr (adzan) at 04:08
25-02-2026 04:11:25 | ::1 | CLIENT | PLAY DOA setelah Fajr (sudah.mp3) at 04:11
25-02-2026 11:36:07 | ::1 | CLIENT | PLAY ADZAN Dhuhr (adzan) at 11:36
25-02-2026 11:36:07 | ::1 | CLIENT | PLAY DOA setelah Dhuhr (sudah.mp3) at 11:36
25-02-2026 11:39:41 | ::1 | CLIENT | PLAY DOA setelah Dhuhr (sudah.mp3) at 11:39
25-02-2026 12:28:33 | ::1 | CLIENT | TEST DOA (sudah.mp3) – tanpa adzan
25-02-2026 12:34:16 | ::1 | CLIENT | TEST DOA (sudah.mp3) – tanpa adzan
25-02-2026 12:34:24 | ::1 | CLIENT | TEST DOA (sudah.mp3) – tanpa adzan
25-02-2026 12:35:04 | ::1 | CLIENT | TEST DOA (sudah.mp3) – tanpa adzan
25-02-2026 12:35:36 | ::1 | CLIENT | TEST DOA (sudah.mp3) – tanpa adzan
25-02-2026 12:36:20 | ::1 | CLIENT | TEST DOA (sudah.mp3) – tanpa adzan
25-02-2026 12:38:28 | ::1 | CLIENT | TEST DOA (sudah.mp3) – tanpa adzan
